<?xml version="1.0" encoding="UTF-8"?>
<coverage generated="1763770153353" clover="3.2.0">
  <project timestamp="1763770153353" name="All files">
    <metrics statements="425" coveredstatements="308" conditionals="331" coveredconditionals="202" methods="66" coveredmethods="52" elements="822" coveredelements="562" complexity="0" loc="425" ncloc="425" packages="6" files="6" classes="6"/>
    <package name="src">
      <metrics statements="33" coveredstatements="22" conditionals="12" coveredconditionals="5" methods="5" coveredmethods="2"/>
      <file name="server.js" path="/Users/michaelbuckingham/Documents/my-apps/moms-recipes/backend/src/server.js">
        <metrics statements="33" coveredstatements="22" conditionals="12" coveredconditionals="5" methods="5" coveredmethods="2"/>
        <line num="1" count="1" type="stmt"/>
        <line num="2" count="1" type="stmt"/>
        <line num="3" count="1" type="stmt"/>
        <line num="4" count="1" type="stmt"/>
        <line num="5" count="1" type="stmt"/>
        <line num="6" count="1" type="stmt"/>
        <line num="8" count="1" type="stmt"/>
        <line num="9" count="1" type="cond" truecount="1" falsecount="1"/>
        <line num="12" count="1" type="cond" truecount="2" falsecount="2"/>
        <line num="13" count="0" type="stmt"/>
        <line num="14" count="0" type="stmt"/>
        <line num="15" count="0" type="stmt"/>
        <line num="19" count="1" type="stmt"/>
        <line num="25" count="1" type="stmt"/>
        <line num="26" count="1" type="stmt"/>
        <line num="27" count="1" type="stmt"/>
        <line num="30" count="1" type="stmt"/>
        <line num="33" count="1" type="stmt"/>
        <line num="36" count="1" type="stmt"/>
        <line num="37" count="1" type="stmt"/>
        <line num="41" count="1" type="stmt"/>
        <line num="42" count="2" type="stmt"/>
        <line num="46" count="1" type="stmt"/>
        <line num="49" count="1" type="cond" truecount="1" falsecount="1"/>
        <line num="51" count="0" type="stmt"/>
        <line num="52" count="0" type="cond" truecount="0" falsecount="2"/>
        <line num="54" count="0" type="stmt"/>
        <line num="56" count="0" type="stmt"/>
        <line num="57" count="0" type="stmt"/>
        <line num="58" count="0" type="stmt"/>
        <line num="62" count="0" type="stmt"/>
        <line num="63" count="0" type="stmt"/>
        <line num="67" count="1" type="stmt"/>
      </file>
    </package>
    <package name="src.config">
      <metrics statements="38" coveredstatements="31" conditionals="8" coveredconditionals="4" methods="4" coveredmethods="4"/>
      <file name="database.js" path="/Users/michaelbuckingham/Documents/my-apps/moms-recipes/backend/src/config/database.js">
        <metrics statements="38" coveredstatements="31" conditionals="8" coveredconditionals="4" methods="4" coveredmethods="4"/>
        <line num="2" count="1" type="cond" truecount="2" falsecount="0"/>
        <line num="4" count="1" type="cond" truecount="1" falsecount="1"/>
        <line num="6" count="0" type="stmt"/>
        <line num="7" count="0" type="stmt"/>
        <line num="8" count="0" type="stmt"/>
        <line num="11" count="1" type="stmt"/>
        <line num="12" count="1" type="stmt"/>
        <line num="13" count="1" type="stmt"/>
        <line num="14" count="1" type="stmt"/>
        <line num="17" count="1" type="stmt"/>
        <line num="18" count="1" type="cond" truecount="1" falsecount="1"/>
        <line num="19" count="1" type="stmt"/>
        <line num="23" count="0" type="stmt"/>
        <line num="24" count="0" type="cond" truecount="0" falsecount="2"/>
        <line num="25" count="0" type="stmt"/>
        <line num="27" count="0" type="stmt"/>
        <line num="30" count="1" type="stmt"/>
        <line num="31" count="1" type="stmt"/>
        <line num="34" count="1" type="stmt"/>
        <line num="37" count="1" type="stmt"/>
        <line num="39" count="1" type="stmt"/>
        <line num="53" count="1" type="stmt"/>
        <line num="66" count="1" type="stmt"/>
        <line num="75" count="1" type="stmt"/>
        <line num="86" count="1" type="stmt"/>
        <line num="94" count="1" type="stmt"/>
        <line num="98" count="1" type="stmt"/>
        <line num="99" count="26" type="stmt"/>
        <line num="100" count="26" type="stmt"/>
        <line num="101" count="26" type="stmt"/>
        <line num="102" count="26" type="stmt"/>
        <line num="105" count="1" type="stmt"/>
        <line num="106" count="1" type="stmt"/>
        <line num="110" count="1" type="stmt"/>
        <line num="112" count="1" type="stmt"/>
        <line num="113" count="1" type="stmt"/>
        <line num="114" count="1" type="stmt"/>
        <line num="115" count="1" type="stmt"/>
      </file>
    </package>
    <package name="src.controllers">
      <metrics statements="141" coveredstatements="118" conditionals="182" coveredconditionals="140" methods="18" coveredmethods="18"/>
      <file name="recipeController.js" path="/Users/michaelbuckingham/Documents/my-apps/moms-recipes/backend/src/controllers/recipeController.js">
        <metrics statements="141" coveredstatements="118" conditionals="182" coveredconditionals="140" methods="18" coveredmethods="18"/>
        <line num="1" count="1" type="stmt"/>
        <line num="2" count="1" type="stmt"/>
        <line num="5" count="1" type="stmt"/>
        <line num="6" count="27" type="cond" truecount="1" falsecount="1"/>
        <line num="9" count="27" type="stmt"/>
        <line num="10" count="67" type="cond" truecount="1" falsecount="1"/>
        <line num="11" count="67" type="stmt"/>
        <line num="14" count="27" type="stmt"/>
        <line num="18" count="1" type="stmt"/>
        <line num="19" count="25" type="cond" truecount="1" falsecount="1"/>
        <line num="21" count="60" type="stmt"/>
        <line num="29" count="1" type="cond" truecount="1" falsecount="0"/>
        <line num="30" count="31" type="stmt"/>
        <line num="33" count="31" type="cond" truecount="2" falsecount="0"/>
        <line num="34" count="28" type="cond" truecount="5" falsecount="0"/>
        <line num="35" count="1" type="stmt"/>
        <line num="37" count="3" type="cond" truecount="2" falsecount="0"/>
        <line num="38" count="1" type="cond" truecount="3" falsecount="1"/>
        <line num="39" count="0" type="stmt"/>
        <line num="43" count="31" type="cond" truecount="3" falsecount="1"/>
        <line num="44" count="0" type="stmt"/>
        <line num="48" count="31" type="cond" truecount="4" falsecount="0"/>
        <line num="49" count="24" type="cond" truecount="1" falsecount="1"/>
        <line num="50" count="0" type="stmt"/>
        <line num="51" count="24" type="cond" truecount="1" falsecount="1"/>
        <line num="52" count="0" type="stmt"/>
        <line num="57" count="31" type="cond" truecount="4" falsecount="0"/>
        <line num="58" count="23" type="cond" truecount="1" falsecount="1"/>
        <line num="59" count="0" type="stmt"/>
        <line num="60" count="23" type="cond" truecount="1" falsecount="1"/>
        <line num="61" count="0" type="stmt"/>
        <line num="66" count="31" type="cond" truecount="4" falsecount="0"/>
        <line num="67" count="23" type="cond" truecount="1" falsecount="1"/>
        <line num="68" count="0" type="stmt"/>
        <line num="69" count="23" type="cond" truecount="1" falsecount="1"/>
        <line num="70" count="0" type="stmt"/>
        <line num="75" count="31" type="cond" truecount="2" falsecount="0"/>
        <line num="76" count="27" type="cond" truecount="1" falsecount="1"/>
        <line num="77" count="0" type="stmt"/>
        <line num="79" count="27" type="cond" truecount="1" falsecount="1"/>
        <line num="80" count="0" type="stmt"/>
        <line num="84" count="27" type="stmt"/>
        <line num="85" count="62" type="cond" truecount="4" falsecount="1"/>
        <line num="86" count="0" type="stmt"/>
        <line num="87" count="0" type="stmt"/>
        <line num="91" count="62" type="cond" truecount="5" falsecount="0"/>
        <line num="92" count="2" type="stmt"/>
        <line num="93" count="60" type="cond" truecount="1" falsecount="1"/>
        <line num="94" count="0" type="stmt"/>
        <line num="98" count="62" type="cond" truecount="3" falsecount="1"/>
        <line num="99" count="62" type="cond" truecount="1" falsecount="1"/>
        <line num="100" count="0" type="stmt"/>
        <line num="101" count="62" type="cond" truecount="1" falsecount="1"/>
        <line num="102" count="0" type="stmt"/>
        <line num="107" count="62" type="cond" truecount="4" falsecount="0"/>
        <line num="108" count="61" type="cond" truecount="1" falsecount="1"/>
        <line num="109" count="0" type="stmt"/>
        <line num="110" count="61" type="cond" truecount="1" falsecount="1"/>
        <line num="111" count="0" type="stmt"/>
        <line num="119" count="31" type="cond" truecount="2" falsecount="0"/>
        <line num="120" count="27" type="cond" truecount="1" falsecount="1"/>
        <line num="121" count="0" type="stmt"/>
        <line num="123" count="27" type="cond" truecount="1" falsecount="1"/>
        <line num="124" count="0" type="stmt"/>
        <line num="128" count="27" type="stmt"/>
        <line num="129" count="69" type="cond" truecount="2" falsecount="0"/>
        <line num="130" count="1" type="stmt"/>
        <line num="131" count="68" type="cond" truecount="1" falsecount="1"/>
        <line num="132" count="0" type="stmt"/>
        <line num="133" count="68" type="cond" truecount="1" falsecount="1"/>
        <line num="134" count="0" type="stmt"/>
        <line num="135" count="68" type="cond" truecount="1" falsecount="1"/>
        <line num="136" count="0" type="stmt"/>
        <line num="142" count="31" type="stmt"/>
        <line num="147" count="1" type="stmt"/>
        <line num="148" count="28" type="stmt"/>
        <line num="150" count="28" type="stmt"/>
        <line num="151" count="28" type="cond" truecount="2" falsecount="0"/>
        <line num="152" count="3" type="stmt"/>
        <line num="155" count="25" type="stmt"/>
        <line num="164" count="25" type="stmt"/>
        <line num="171" count="1" type="stmt"/>
        <line num="172" count="2" type="cond" truecount="2" falsecount="0"/>
        <line num="173" count="2" type="cond" truecount="2" falsecount="0"/>
        <line num="176" count="2" type="cond" truecount="3" falsecount="1"/>
        <line num="177" count="2" type="cond" truecount="3" falsecount="1"/>
        <line num="179" count="2" type="stmt"/>
        <line num="180" count="2" type="stmt"/>
        <line num="182" count="2" type="stmt"/>
        <line num="193" count="1" type="stmt"/>
        <line num="194" count="3" type="stmt"/>
        <line num="195" count="3" type="stmt"/>
        <line num="197" count="3" type="cond" truecount="2" falsecount="0"/>
        <line num="198" count="2" type="stmt"/>
        <line num="201" count="1" type="stmt"/>
        <line num="205" count="1" type="stmt"/>
        <line num="206" count="5" type="stmt"/>
        <line num="209" count="5" type="cond" truecount="6" falsecount="0"/>
        <line num="210" count="1" type="stmt"/>
        <line num="214" count="4" type="stmt"/>
        <line num="216" count="4" type="cond" truecount="2" falsecount="0"/>
        <line num="217" count="1" type="stmt"/>
        <line num="221" count="4" type="cond" truecount="4" falsecount="0"/>
        <line num="222" count="2" type="stmt"/>
        <line num="223" count="2" type="cond" truecount="2" falsecount="0"/>
        <line num="224" count="1" type="stmt"/>
        <line num="226" count="2" type="cond" truecount="2" falsecount="0"/>
        <line num="227" count="2" type="stmt"/>
        <line num="229" count="2" type="stmt"/>
        <line num="232" count="4" type="cond" truecount="2" falsecount="0"/>
        <line num="233" count="1" type="stmt"/>
        <line num="238" count="4" type="stmt"/>
        <line num="240" count="4" type="cond" truecount="6" falsecount="0"/>
        <line num="241" count="2" type="stmt"/>
        <line num="242" count="2" type="cond" truecount="2" falsecount="0"/>
        <line num="243" count="1" type="stmt"/>
        <line num="244" count="1" type="cond" truecount="3" falsecount="1"/>
        <line num="245" count="1" type="stmt"/>
        <line num="247" count="0" type="stmt"/>
        <line num="250" count="4" type="stmt"/>
        <line num="257" count="1" type="stmt"/>
        <line num="258" count="4" type="stmt"/>
        <line num="259" count="4" type="stmt"/>
        <line num="261" count="4" type="stmt"/>
        <line num="262" count="4" type="cond" truecount="2" falsecount="0"/>
        <line num="263" count="1" type="stmt"/>
        <line num="267" count="3" type="stmt"/>
        <line num="268" count="3" type="cond" truecount="2" falsecount="0"/>
        <line num="269" count="1" type="stmt"/>
        <line num="272" count="2" type="stmt"/>
        <line num="281" count="2" type="stmt"/>
        <line num="288" count="1" type="stmt"/>
        <line num="289" count="2" type="stmt"/>
        <line num="290" count="2" type="stmt"/>
        <line num="292" count="2" type="cond" truecount="2" falsecount="0"/>
        <line num="293" count="1" type="stmt"/>
        <line num="296" count="1" type="stmt"/>
        <line num="300" count="1" type="stmt"/>
        <line num="301" count="1" type="stmt"/>
        <line num="302" count="4" type="stmt"/>
        <line num="306" count="1" type="stmt"/>
      </file>
    </package>
    <package name="src.middleware">
      <metrics statements="18" coveredstatements="11" conditionals="19" coveredconditionals="4" methods="4" coveredmethods="4"/>
      <file name="errorHandler.js" path="/Users/michaelbuckingham/Documents/my-apps/moms-recipes/backend/src/middleware/errorHandler.js">
        <metrics statements="18" coveredstatements="11" conditionals="19" coveredconditionals="4" methods="4" coveredmethods="4"/>
        <line num="2" count="7" type="stmt"/>
        <line num="3" count="45" type="stmt"/>
        <line num="9" count="9" type="stmt"/>
        <line num="10" count="9" type="stmt"/>
        <line num="11" count="9" type="stmt"/>
        <line num="12" count="9" type="stmt"/>
        <line num="17" count="1" type="stmt"/>
        <line num="18" count="9" type="stmt"/>
        <line num="21" count="9" type="cond" truecount="1" falsecount="1"/>
        <line num="22" count="9" type="stmt"/>
        <line num="29" count="0" type="cond" truecount="0" falsecount="2"/>
        <line num="30" count="0" type="stmt"/>
        <line num="37" count="0" type="cond" truecount="0" falsecount="2"/>
        <line num="38" count="0" type="stmt"/>
        <line num="45" count="0" type="cond" truecount="0" falsecount="2"/>
        <line num="46" count="0" type="cond" truecount="0" falsecount="2"/>
        <line num="48" count="0" type="stmt"/>
        <line num="54" count="1" type="stmt"/>
      </file>
    </package>
    <package name="src.models">
      <metrics statements="184" coveredstatements="115" conditionals="110" coveredconditionals="49" methods="35" coveredmethods="24"/>
      <file name="recipeModel.js" path="/Users/michaelbuckingham/Documents/my-apps/moms-recipes/backend/src/models/recipeModel.js">
        <metrics statements="184" coveredstatements="115" conditionals="110" coveredconditionals="49" methods="35" coveredmethods="24"/>
        <line num="1" count="1" type="stmt"/>
        <line num="4" count="1" type="cond" truecount="2" falsecount="0"/>
        <line num="7" count="1" type="stmt"/>
        <line num="8" count="118" type="cond" truecount="3" falsecount="1"/>
        <line num="9" count="118" type="cond" truecount="1" falsecount="1"/>
        <line num="11" count="118" type="stmt"/>
        <line num="12" count="645" type="stmt"/>
        <line num="13" count="645" type="stmt"/>
        <line num="14" count="645" type="stmt"/>
        <line num="19" count="1" type="stmt"/>
        <line num="20" count="0" type="cond" truecount="0" falsecount="2"/>
        <line num="21" count="0" type="stmt"/>
        <line num="23" count="0" type="stmt"/>
        <line num="30" count="25" type="stmt"/>
        <line num="34" count="25" type="cond" truecount="1" falsecount="1"/>
        <line num="36" count="0" type="stmt"/>
        <line num="38" count="0" type="stmt"/>
        <line num="42" count="0" type="stmt"/>
        <line num="43" count="0" type="stmt"/>
        <line num="46" count="0" type="cond" truecount="0" falsecount="4"/>
        <line num="47" count="0" type="stmt"/>
        <line num="51" count="0" type="stmt"/>
        <line num="52" count="0" type="stmt"/>
        <line num="53" count="0" type="stmt"/>
        <line num="64" count="0" type="cond" truecount="0" falsecount="4"/>
        <line num="65" count="0" type="stmt"/>
        <line num="66" count="0" type="stmt"/>
        <line num="67" count="0" type="stmt"/>
        <line num="69" count="0" type="stmt"/>
        <line num="70" count="0" type="stmt"/>
        <line num="71" count="0" type="stmt"/>
        <line num="72" count="0" type="stmt"/>
        <line num="76" count="0" type="stmt"/>
        <line num="79" count="0" type="stmt"/>
        <line num="82" count="25" type="stmt"/>
        <line num="84" count="25" type="stmt"/>
        <line num="88" count="25" type="stmt"/>
        <line num="89" count="25" type="stmt"/>
        <line num="92" count="25" type="cond" truecount="4" falsecount="0"/>
        <line num="93" count="24" type="stmt"/>
        <line num="97" count="24" type="stmt"/>
        <line num="98" count="60" type="stmt"/>
        <line num="99" count="60" type="stmt"/>
        <line num="110" count="25" type="cond" truecount="4" falsecount="0"/>
        <line num="111" count="24" type="stmt"/>
        <line num="112" count="24" type="stmt"/>
        <line num="113" count="24" type="stmt"/>
        <line num="115" count="24" type="stmt"/>
        <line num="116" count="59" type="stmt"/>
        <line num="117" count="59" type="stmt"/>
        <line num="118" count="59" type="stmt"/>
        <line num="122" count="25" type="stmt"/>
        <line num="125" count="25" type="stmt"/>
        <line num="128" count="25" type="stmt"/>
        <line num="133" count="34" type="stmt"/>
        <line num="144" count="34" type="cond" truecount="2" falsecount="0"/>
        <line num="147" count="31" type="stmt"/>
        <line num="155" count="31" type="stmt"/>
        <line num="156" count="31" type="cond" truecount="2" falsecount="0"/>
        <line num="157" count="31" type="stmt"/>
        <line num="159" count="31" type="stmt"/>
        <line num="165" count="2" type="stmt"/>
        <line num="166" count="2" type="stmt"/>
        <line num="168" count="2" type="stmt"/>
        <line num="180" count="2" type="stmt"/>
        <line num="181" count="4" type="stmt"/>
        <line num="182" count="4" type="cond" truecount="1" falsecount="1"/>
        <line num="183" count="4" type="stmt"/>
        <line num="189" count="1" type="stmt"/>
        <line num="190" count="1" type="stmt"/>
        <line num="203" count="1" type="stmt"/>
        <line num="204" count="2" type="stmt"/>
        <line num="205" count="2" type="cond" truecount="1" falsecount="1"/>
        <line num="206" count="2" type="stmt"/>
        <line num="212" count="0" type="cond" truecount="0" falsecount="4"/>
        <line num="213" count="0" type="stmt"/>
        <line num="217" count="0" type="stmt"/>
        <line num="218" count="0" type="stmt"/>
        <line num="220" count="0" type="stmt"/>
        <line num="238" count="0" type="stmt"/>
        <line num="239" count="0" type="stmt"/>
        <line num="240" count="0" type="cond" truecount="0" falsecount="2"/>
        <line num="241" count="0" type="stmt"/>
        <line num="247" count="0" type="cond" truecount="0" falsecount="4"/>
        <line num="248" count="0" type="stmt"/>
        <line num="251" count="0" type="stmt"/>
        <line num="252" count="0" type="stmt"/>
        <line num="254" count="0" type="stmt"/>
        <line num="268" count="0" type="stmt"/>
        <line num="269" count="0" type="stmt"/>
        <line num="270" count="0" type="cond" truecount="0" falsecount="2"/>
        <line num="271" count="0" type="stmt"/>
        <line num="277" count="1" type="stmt"/>
        <line num="278" count="1" type="stmt"/>
        <line num="290" count="1" type="stmt"/>
        <line num="291" count="1" type="stmt"/>
        <line num="292" count="1" type="cond" truecount="1" falsecount="1"/>
        <line num="293" count="1" type="stmt"/>
        <line num="299" count="2" type="stmt"/>
        <line num="300" count="2" type="stmt"/>
        <line num="301" count="2" type="stmt"/>
        <line num="303" count="2" type="stmt"/>
        <line num="313" count="2" type="cond" truecount="4" falsecount="0"/>
        <line num="314" count="1" type="stmt"/>
        <line num="315" count="2" type="stmt"/>
        <line num="322" count="2" type="cond" truecount="4" falsecount="0"/>
        <line num="323" count="1" type="stmt"/>
        <line num="329" count="2" type="stmt"/>
        <line num="332" count="2" type="cond" truecount="1" falsecount="1"/>
        <line num="333" count="0" type="stmt"/>
        <line num="334" count="0" type="stmt"/>
        <line num="338" count="2" type="cond" truecount="4" falsecount="0"/>
        <line num="339" count="1" type="stmt"/>
        <line num="340" count="2" type="stmt"/>
        <line num="341" count="2" type="stmt"/>
        <line num="346" count="2" type="cond" truecount="4" falsecount="0"/>
        <line num="347" count="1" type="stmt"/>
        <line num="348" count="1" type="stmt"/>
        <line num="349" count="1" type="stmt"/>
        <line num="350" count="1" type="stmt"/>
        <line num="353" count="2" type="cond" truecount="1" falsecount="1"/>
        <line num="354" count="2" type="stmt"/>
        <line num="357" count="2" type="stmt"/>
        <line num="359" count="2" type="stmt"/>
        <line num="361" count="2" type="stmt"/>
        <line num="362" count="2" type="stmt"/>
        <line num="363" count="2" type="cond" truecount="1" falsecount="1"/>
        <line num="364" count="2" type="stmt"/>
        <line num="370" count="2" type="stmt"/>
        <line num="372" count="2" type="cond" truecount="1" falsecount="1"/>
        <line num="374" count="0" type="stmt"/>
        <line num="376" count="0" type="stmt"/>
        <line num="381" count="0" type="stmt"/>
        <line num="384" count="0" type="cond" truecount="0" falsecount="2"/>
        <line num="385" count="0" type="stmt"/>
        <line num="387" count="0" type="cond" truecount="0" falsecount="2"/>
        <line num="388" count="0" type="stmt"/>
        <line num="392" count="0" type="stmt"/>
        <line num="393" count="0" type="stmt"/>
        <line num="394" count="0" type="stmt"/>
        <line num="406" count="0" type="cond" truecount="0" falsecount="2"/>
        <line num="407" count="0" type="stmt"/>
        <line num="409" count="0" type="cond" truecount="0" falsecount="2"/>
        <line num="410" count="0" type="stmt"/>
        <line num="411" count="0" type="stmt"/>
        <line num="412" count="0" type="stmt"/>
        <line num="414" count="0" type="stmt"/>
        <line num="415" count="0" type="stmt"/>
        <line num="416" count="0" type="stmt"/>
        <line num="417" count="0" type="stmt"/>
        <line num="423" count="0" type="stmt"/>
        <line num="426" count="2" type="stmt"/>
        <line num="428" count="2" type="stmt"/>
        <line num="433" count="2" type="stmt"/>
        <line num="436" count="2" type="cond" truecount="1" falsecount="1"/>
        <line num="437" count="0" type="stmt"/>
        <line num="439" count="0" type="cond" truecount="0" falsecount="2"/>
        <line num="440" count="0" type="stmt"/>
        <line num="444" count="0" type="stmt"/>
        <line num="445" count="0" type="stmt"/>
        <line num="446" count="0" type="stmt"/>
        <line num="458" count="2" type="cond" truecount="1" falsecount="1"/>
        <line num="459" count="2" type="stmt"/>
        <line num="461" count="2" type="cond" truecount="1" falsecount="1"/>
        <line num="462" count="2" type="stmt"/>
        <line num="463" count="2" type="stmt"/>
        <line num="464" count="2" type="stmt"/>
        <line num="466" count="2" type="stmt"/>
        <line num="467" count="4" type="stmt"/>
        <line num="468" count="4" type="stmt"/>
        <line num="469" count="4" type="stmt"/>
        <line num="475" count="2" type="stmt"/>
        <line num="479" count="2" type="stmt"/>
        <line num="481" count="2" type="stmt"/>
        <line num="486" count="2" type="stmt"/>
        <line num="487" count="2" type="stmt"/>
        <line num="490" count="2" type="cond" truecount="2" falsecount="0"/>
        <line num="491" count="1" type="stmt"/>
        <line num="494" count="2" type="stmt"/>
        <line num="499" count="1" type="stmt"/>
        <line num="509" count="3" type="stmt"/>
        <line num="517" count="2" type="stmt"/>
        <line num="518" count="2" type="stmt"/>
        <line num="522" count="1" type="stmt"/>
      </file>
    </package>
    <package name="src.routes">
      <metrics statements="11" coveredstatements="11" conditionals="0" coveredconditionals="0" methods="0" coveredmethods="0"/>
      <file name="recipeRoutes.js" path="/Users/michaelbuckingham/Documents/my-apps/moms-recipes/backend/src/routes/recipeRoutes.js">
        <metrics statements="11" coveredstatements="11" conditionals="0" coveredconditionals="0" methods="0" coveredmethods="0"/>
        <line num="1" count="1" type="stmt"/>
        <line num="2" count="1" type="stmt"/>
        <line num="4" count="1" type="stmt"/>
        <line num="7" count="1" type="stmt"/>
        <line num="8" count="1" type="stmt"/>
        <line num="9" count="1" type="stmt"/>
        <line num="10" count="1" type="stmt"/>
        <line num="11" count="1" type="stmt"/>
        <line num="12" count="1" type="stmt"/>
        <line num="15" count="1" type="stmt"/>
        <line num="17" count="1" type="stmt"/>
      </file>
    </package>
  </project>
</coverage>
