{"/Users/michaelbuckingham/Documents/my-apps/moms-recipes/backend/src/server.js": {"path":"/Users/michaelbuckingham/Documents/my-apps/moms-recipes/backend/src/server.js","statementMap":{"0":{"start":{"line":1,"column":0},"end":{"line":1,"column":27}},"1":{"start":{"line":2,"column":16},"end":{"line":2,"column":34}},"2":{"start":{"line":3,"column":13},"end":{"line":3,"column":28}},"3":{"start":{"line":4,"column":13},"end":{"line":4,"column":28}},"4":{"start":{"line":5,"column":21},"end":{"line":5,"column":53}},"5":{"start":{"line":6,"column":25},"end":{"line":6,"column":61}},"6":{"start":{"line":8,"column":12},"end":{"line":8,"column":21}},"7":{"start":{"line":9,"column":13},"end":{"line":9,"column":37}},"8":{"start":{"line":12,"column":0},"end":{"line":16,"column":1}},"9":{"start":{"line":13,"column":2},"end":{"line":13,"column":77}},"10":{"start":{"line":14,"column":2},"end":{"line":14,"column":86}},"11":{"start":{"line":15,"column":2},"end":{"line":15,"column":18}},"12":{"start":{"line":19,"column":20},"end":{"line":24,"column":1}},"13":{"start":{"line":25,"column":0},"end":{"line":25,"column":27}},"14":{"start":{"line":26,"column":0},"end":{"line":26,"column":24}},"15":{"start":{"line":27,"column":0},"end":{"line":27,"column":48}},"16":{"start":{"line":30,"column":0},"end":{"line":30,"column":72}},"17":{"start":{"line":33,"column":0},"end":{"line":33,"column":30}},"18":{"start":{"line":36,"column":0},"end":{"line":38,"column":3}},"19":{"start":{"line":37,"column":2},"end":{"line":37,"column":63}},"20":{"start":{"line":41,"column":0},"end":{"line":43,"column":3}},"21":{"start":{"line":42,"column":2},"end":{"line":42,"column":53}},"22":{"start":{"line":46,"column":0},"end":{"line":46,"column":22}},"23":{"start":{"line":49,"column":0},"end":{"line":65,"column":1}},"24":{"start":{"line":51,"column":13},"end":{"line":51,"column":41}},"25":{"start":{"line":52,"column":22},"end":{"line":52,"column":87}},"26":{"start":{"line":54,"column":2},"end":{"line":64,"column":7}},"27":{"start":{"line":56,"column":6},"end":{"line":59,"column":9}},"28":{"start":{"line":57,"column":8},"end":{"line":57,"column":57}},"29":{"start":{"line":58,"column":8},"end":{"line":58,"column":69}},"30":{"start":{"line":62,"column":6},"end":{"line":62,"column":61}},"31":{"start":{"line":63,"column":6},"end":{"line":63,"column":22}},"32":{"start":{"line":67,"column":0},"end":{"line":67,"column":21}}},"fnMap":{"0":{"name":"(anonymous_0)","decl":{"start":{"line":36,"column":19},"end":{"line":36,"column":20}},"loc":{"start":{"line":36,"column":33},"end":{"line":38,"column":1}},"line":36},"1":{"name":"(anonymous_1)","decl":{"start":{"line":41,"column":8},"end":{"line":41,"column":9}},"loc":{"start":{"line":41,"column":22},"end":{"line":43,"column":1}},"line":41},"2":{"name":"(anonymous_2)","decl":{"start":{"line":55,"column":10},"end":{"line":55,"column":11}},"loc":{"start":{"line":55,"column":16},"end":{"line":60,"column":5}},"line":55},"3":{"name":"(anonymous_3)","decl":{"start":{"line":56,"column":23},"end":{"line":56,"column":24}},"loc":{"start":{"line":56,"column":29},"end":{"line":59,"column":7}},"line":56},"4":{"name":"(anonymous_4)","decl":{"start":{"line":61,"column":11},"end":{"line":61,"column":12}},"loc":{"start":{"line":61,"column":22},"end":{"line":64,"column":5}},"line":61}},"branchMap":{"0":{"loc":{"start":{"line":9,"column":13},"end":{"line":9,"column":37}},"type":"binary-expr","locations":[{"start":{"line":9,"column":13},"end":{"line":9,"column":29}},{"start":{"line":9,"column":33},"end":{"line":9,"column":37}}],"line":9},"1":{"loc":{"start":{"line":12,"column":0},"end":{"line":16,"column":1}},"type":"if","locations":[{"start":{"line":12,"column":0},"end":{"line":16,"column":1}},{"start":{},"end":{}}],"line":12},"2":{"loc":{"start":{"line":12,"column":4},"end":{"line":12,"column":70}},"type":"binary-expr","locations":[{"start":{"line":12,"column":4},"end":{"line":12,"column":41}},{"start":{"line":12,"column":45},"end":{"line":12,"column":70}}],"line":12},"3":{"loc":{"start":{"line":20,"column":10},"end":{"line":22,"column":81}},"type":"cond-expr","locations":[{"start":{"line":21,"column":6},"end":{"line":21,"column":30}},{"start":{"line":22,"column":6},"end":{"line":22,"column":81}}],"line":20},"4":{"loc":{"start":{"line":49,"column":0},"end":{"line":65,"column":1}},"type":"if","locations":[{"start":{"line":49,"column":0},"end":{"line":65,"column":1}},{"start":{},"end":{}}],"line":49},"5":{"loc":{"start":{"line":52,"column":22},"end":{"line":52,"column":87}},"type":"cond-expr","locations":[{"start":{"line":52,"column":45},"end":{"line":52,"column":67}},{"start":{"line":52,"column":70},"end":{"line":52,"column":87}}],"line":52}},"s":{"0":1,"1":1,"2":1,"3":1,"4":1,"5":1,"6":1,"7":1,"8":1,"9":0,"10":0,"11":0,"12":1,"13":1,"14":1,"15":1,"16":1,"17":1,"18":1,"19":1,"20":1,"21":2,"22":1,"23":1,"24":0,"25":0,"26":0,"27":0,"28":0,"29":0,"30":0,"31":0,"32":1},"f":{"0":1,"1":2,"2":0,"3":0,"4":0},"b":{"0":[1,0],"1":[0,1],"2":[1,0],"3":[0,1],"4":[0,1],"5":[0,0]},"_coverageSchema":"1a1c01bbd47fc00a2c39e90264f33305004495a9","hash":"184e8eac9a7aa55b83024e7a25a64b0d07f0ae44"}
,"/Users/michaelbuckingham/Documents/my-apps/moms-recipes/backend/src/config/database.js": {"path":"/Users/michaelbuckingham/Documents/my-apps/moms-recipes/backend/src/config/database.js","statementMap":{"0":{"start":{"line":2,"column":17},"end":{"line":2,"column":90}},"1":{"start":{"line":4,"column":0},"end":{"line":116,"column":1}},"2":{"start":{"line":6,"column":2},"end":{"line":6,"column":56}},"3":{"start":{"line":7,"column":18},"end":{"line":7,"column":45}},"4":{"start":{"line":8,"column":2},"end":{"line":8,"column":27}},"5":{"start":{"line":11,"column":2},"end":{"line":11,"column":58}},"6":{"start":{"line":12,"column":19},"end":{"line":12,"column":44}},"7":{"start":{"line":13,"column":15},"end":{"line":13,"column":30}},"8":{"start":{"line":14,"column":13},"end":{"line":14,"column":26}},"9":{"start":{"line":17,"column":20},"end":{"line":28,"column":3}},"10":{"start":{"line":18,"column":4},"end":{"line":20,"column":5}},"11":{"start":{"line":19,"column":6},"end":{"line":19,"column":33}},"12":{"start":{"line":23,"column":20},"end":{"line":23,"column":54}},"13":{"start":{"line":24,"column":4},"end":{"line":26,"column":5}},"14":{"start":{"line":25,"column":6},"end":{"line":25,"column":49}},"15":{"start":{"line":27,"column":4},"end":{"line":27,"column":44}},"16":{"start":{"line":30,"column":17},"end":{"line":30,"column":28}},"17":{"start":{"line":31,"column":13},"end":{"line":31,"column":33}},"18":{"start":{"line":34,"column":2},"end":{"line":34,"column":33}},"19":{"start":{"line":37,"column":23},"end":{"line":95,"column":3}},"20":{"start":{"line":39,"column":4},"end":{"line":50,"column":7}},"21":{"start":{"line":53,"column":4},"end":{"line":63,"column":7}},"22":{"start":{"line":66,"column":4},"end":{"line":72,"column":7}},"23":{"start":{"line":75,"column":4},"end":{"line":83,"column":7}},"24":{"start":{"line":86,"column":4},"end":{"line":92,"column":7}},"25":{"start":{"line":94,"column":4},"end":{"line":94,"column":60}},"26":{"start":{"line":98,"column":24},"end":{"line":103,"column":3}},"27":{"start":{"line":99,"column":4},"end":{"line":99,"column":39}},"28":{"start":{"line":100,"column":4},"end":{"line":100,"column":39}},"29":{"start":{"line":101,"column":4},"end":{"line":101,"column":32}},"30":{"start":{"line":102,"column":4},"end":{"line":102,"column":35}},"31":{"start":{"line":105,"column":24},"end":{"line":107,"column":3}},"32":{"start":{"line":106,"column":4},"end":{"line":106,"column":15}},"33":{"start":{"line":110,"column":2},"end":{"line":110,"column":17}},"34":{"start":{"line":112,"column":2},"end":{"line":112,"column":22}},"35":{"start":{"line":113,"column":2},"end":{"line":113,"column":47}},"36":{"start":{"line":114,"column":2},"end":{"line":114,"column":47}},"37":{"start":{"line":115,"column":2},"end":{"line":115,"column":33}}},"fnMap":{"0":{"name":"(anonymous_0)","decl":{"start":{"line":17,"column":20},"end":{"line":17,"column":21}},"loc":{"start":{"line":17,"column":26},"end":{"line":28,"column":3}},"line":17},"1":{"name":"(anonymous_1)","decl":{"start":{"line":37,"column":23},"end":{"line":37,"column":24}},"loc":{"start":{"line":37,"column":29},"end":{"line":95,"column":3}},"line":37},"2":{"name":"(anonymous_2)","decl":{"start":{"line":98,"column":24},"end":{"line":98,"column":25}},"loc":{"start":{"line":98,"column":30},"end":{"line":103,"column":3}},"line":98},"3":{"name":"(anonymous_3)","decl":{"start":{"line":105,"column":24},"end":{"line":105,"column":25}},"loc":{"start":{"line":105,"column":30},"end":{"line":107,"column":3}},"line":105}},"branchMap":{"0":{"loc":{"start":{"line":2,"column":17},"end":{"line":2,"column":90}},"type":"binary-expr","locations":[{"start":{"line":2,"column":17},"end":{"line":2,"column":54}},{"start":{"line":2,"column":58},"end":{"line":2,"column":90}}],"line":2},"1":{"loc":{"start":{"line":4,"column":0},"end":{"line":116,"column":1}},"type":"if","locations":[{"start":{"line":4,"column":0},"end":{"line":116,"column":1}},{"start":{"line":9,"column":7},"end":{"line":116,"column":1}}],"line":4},"2":{"loc":{"start":{"line":18,"column":4},"end":{"line":20,"column":5}},"type":"if","locations":[{"start":{"line":18,"column":4},"end":{"line":20,"column":5}},{"start":{},"end":{}}],"line":18},"3":{"loc":{"start":{"line":24,"column":4},"end":{"line":26,"column":5}},"type":"if","locations":[{"start":{"line":24,"column":4},"end":{"line":26,"column":5}},{"start":{},"end":{}}],"line":24}},"s":{"0":1,"1":1,"2":0,"3":0,"4":0,"5":1,"6":1,"7":1,"8":1,"9":1,"10":1,"11":1,"12":0,"13":0,"14":0,"15":0,"16":1,"17":1,"18":1,"19":1,"20":1,"21":1,"22":1,"23":1,"24":1,"25":1,"26":1,"27":26,"28":26,"29":26,"30":26,"31":1,"32":1,"33":1,"34":1,"35":1,"36":1,"37":1},"f":{"0":1,"1":1,"2":26,"3":1},"b":{"0":[1,1],"1":[0,1],"2":[1,0],"3":[0,0]},"_coverageSchema":"1a1c01bbd47fc00a2c39e90264f33305004495a9","hash":"99b4293f65e71575279b79ae72f4c6dc5b8010fd"}
,"/Users/michaelbuckingham/Documents/my-apps/moms-recipes/backend/src/controllers/recipeController.js": {"path":"/Users/michaelbuckingham/Documents/my-apps/moms-recipes/backend/src/controllers/recipeController.js","statementMap":{"0":{"start":{"line":1,"column":20},"end":{"line":1,"column":52}},"1":{"start":{"line":2,"column":35},"end":{"line":2,"column":72}},"2":{"start":{"line":5,"column":22},"end":{"line":15,"column":1}},"3":{"start":{"line":6,"column":2},"end":{"line":6,"column":40}},"4":{"start":{"line":6,"column":28},"end":{"line":6,"column":40}},"5":{"start":{"line":9,"column":21},"end":{"line":11,"column":34}},"6":{"start":{"line":10,"column":16},"end":{"line":10,"column":72}},"7":{"start":{"line":11,"column":19},"end":{"line":11,"column":33}},"8":{"start":{"line":14,"column":2},"end":{"line":14,"column":34}},"9":{"start":{"line":18,"column":29},"end":{"line":26,"column":1}},"10":{"start":{"line":19,"column":2},"end":{"line":19,"column":54}},"11":{"start":{"line":19,"column":35},"end":{"line":19,"column":54}},"12":{"start":{"line":21,"column":2},"end":{"line":25,"column":6}},"13":{"start":{"line":21,"column":40},"end":{"line":25,"column":3}},"14":{"start":{"line":29,"column":28},"end":{"line":143,"column":1}},"15":{"start":{"line":30,"column":17},"end":{"line":30,"column":19}},"16":{"start":{"line":33,"column":2},"end":{"line":41,"column":3}},"17":{"start":{"line":34,"column":4},"end":{"line":36,"column":5}},"18":{"start":{"line":35,"column":6},"end":{"line":35,"column":70}},"19":{"start":{"line":37,"column":9},"end":{"line":41,"column":3}},"20":{"start":{"line":38,"column":4},"end":{"line":40,"column":5}},"21":{"start":{"line":39,"column":6},"end":{"line":39,"column":54}},"22":{"start":{"line":43,"column":2},"end":{"line":45,"column":3}},"23":{"start":{"line":44,"column":4},"end":{"line":44,"column":58}},"24":{"start":{"line":48,"column":2},"end":{"line":54,"column":3}},"25":{"start":{"line":49,"column":4},"end":{"line":53,"column":5}},"26":{"start":{"line":50,"column":6},"end":{"line":50,"column":45}},"27":{"start":{"line":51,"column":11},"end":{"line":53,"column":5}},"28":{"start":{"line":52,"column":6},"end":{"line":52,"column":61}},"29":{"start":{"line":57,"column":2},"end":{"line":63,"column":3}},"30":{"start":{"line":58,"column":4},"end":{"line":62,"column":5}},"31":{"start":{"line":59,"column":6},"end":{"line":59,"column":51}},"32":{"start":{"line":60,"column":11},"end":{"line":62,"column":5}},"33":{"start":{"line":61,"column":6},"end":{"line":61,"column":69}},"34":{"start":{"line":66,"column":2},"end":{"line":72,"column":3}},"35":{"start":{"line":67,"column":4},"end":{"line":71,"column":5}},"36":{"start":{"line":68,"column":6},"end":{"line":68,"column":48}},"37":{"start":{"line":69,"column":11},"end":{"line":71,"column":5}},"38":{"start":{"line":70,"column":6},"end":{"line":70,"column":65}},"39":{"start":{"line":75,"column":2},"end":{"line":116,"column":3}},"40":{"start":{"line":76,"column":4},"end":{"line":115,"column":5}},"41":{"start":{"line":77,"column":6},"end":{"line":77,"column":50}},"42":{"start":{"line":79,"column":6},"end":{"line":81,"column":7}},"43":{"start":{"line":80,"column":8},"end":{"line":80,"column":55}},"44":{"start":{"line":84,"column":6},"end":{"line":114,"column":9}},"45":{"start":{"line":85,"column":8},"end":{"line":88,"column":9}},"46":{"start":{"line":86,"column":10},"end":{"line":86,"column":72}},"47":{"start":{"line":87,"column":10},"end":{"line":87,"column":17}},"48":{"start":{"line":91,"column":8},"end":{"line":95,"column":9}},"49":{"start":{"line":92,"column":10},"end":{"line":92,"column":90}},"50":{"start":{"line":93,"column":15},"end":{"line":95,"column":9}},"51":{"start":{"line":94,"column":10},"end":{"line":94,"column":92}},"52":{"start":{"line":98,"column":8},"end":{"line":104,"column":9}},"53":{"start":{"line":99,"column":10},"end":{"line":103,"column":11}},"54":{"start":{"line":100,"column":12},"end":{"line":100,"column":82}},"55":{"start":{"line":101,"column":17},"end":{"line":103,"column":11}},"56":{"start":{"line":102,"column":12},"end":{"line":102,"column":97}},"57":{"start":{"line":107,"column":8},"end":{"line":113,"column":9}},"58":{"start":{"line":108,"column":10},"end":{"line":112,"column":11}},"59":{"start":{"line":109,"column":12},"end":{"line":109,"column":78}},"60":{"start":{"line":110,"column":17},"end":{"line":112,"column":11}},"61":{"start":{"line":111,"column":12},"end":{"line":111,"column":93}},"62":{"start":{"line":119,"column":2},"end":{"line":140,"column":3}},"63":{"start":{"line":120,"column":4},"end":{"line":139,"column":5}},"64":{"start":{"line":121,"column":6},"end":{"line":121,"column":43}},"65":{"start":{"line":123,"column":6},"end":{"line":125,"column":7}},"66":{"start":{"line":124,"column":8},"end":{"line":124,"column":47}},"67":{"start":{"line":128,"column":6},"end":{"line":138,"column":9}},"68":{"start":{"line":129,"column":8},"end":{"line":137,"column":9}},"69":{"start":{"line":130,"column":10},"end":{"line":130,"column":64}},"70":{"start":{"line":131,"column":15},"end":{"line":137,"column":9}},"71":{"start":{"line":132,"column":10},"end":{"line":132,"column":63}},"72":{"start":{"line":133,"column":15},"end":{"line":137,"column":9}},"73":{"start":{"line":134,"column":10},"end":{"line":134,"column":80}},"74":{"start":{"line":135,"column":15},"end":{"line":137,"column":9}},"75":{"start":{"line":136,"column":10},"end":{"line":136,"column":69}},"76":{"start":{"line":142,"column":2},"end":{"line":142,"column":16}},"77":{"start":{"line":147,"column":24},"end":{"line":168,"column":4}},"78":{"start":{"line":148,"column":74},"end":{"line":148,"column":82}},"79":{"start":{"line":150,"column":29},"end":{"line":150,"column":58}},"80":{"start":{"line":151,"column":4},"end":{"line":153,"column":5}},"81":{"start":{"line":152,"column":6},"end":{"line":152,"column":69}},"82":{"start":{"line":155,"column":19},"end":{"line":162,"column":6}},"83":{"start":{"line":164,"column":4},"end":{"line":167,"column":7}},"84":{"start":{"line":171,"column":25},"end":{"line":190,"column":4}},"85":{"start":{"line":172,"column":16},"end":{"line":172,"column":47}},"86":{"start":{"line":173,"column":17},"end":{"line":173,"column":48}},"87":{"start":{"line":176,"column":4},"end":{"line":176,"column":46}},"88":{"start":{"line":176,"column":35},"end":{"line":176,"column":46}},"89":{"start":{"line":177,"column":4},"end":{"line":177,"column":48}},"90":{"start":{"line":177,"column":37},"end":{"line":177,"column":48}},"91":{"start":{"line":179,"column":20},"end":{"line":179,"column":59}},"92":{"start":{"line":180,"column":18},"end":{"line":180,"column":46}},"93":{"start":{"line":182,"column":4},"end":{"line":189,"column":7}},"94":{"start":{"line":193,"column":25},"end":{"line":202,"column":4}},"95":{"start":{"line":194,"column":19},"end":{"line":194,"column":29}},"96":{"start":{"line":195,"column":19},"end":{"line":195,"column":48}},"97":{"start":{"line":197,"column":4},"end":{"line":199,"column":5}},"98":{"start":{"line":198,"column":6},"end":{"line":198,"column":50}},"99":{"start":{"line":201,"column":4},"end":{"line":201,"column":25}},"100":{"start":{"line":205,"column":25},"end":{"line":254,"column":4}},"101":{"start":{"line":206,"column":53},"end":{"line":206,"column":62}},"102":{"start":{"line":209,"column":4},"end":{"line":211,"column":5}},"103":{"start":{"line":210,"column":6},"end":{"line":210,"column":119}},"104":{"start":{"line":214,"column":20},"end":{"line":214,"column":22}},"105":{"start":{"line":216,"column":4},"end":{"line":218,"column":5}},"106":{"start":{"line":217,"column":6},"end":{"line":217,"column":28}},"107":{"start":{"line":221,"column":4},"end":{"line":230,"column":5}},"108":{"start":{"line":222,"column":29},"end":{"line":222,"column":31}},"109":{"start":{"line":223,"column":6},"end":{"line":225,"column":7}},"110":{"start":{"line":224,"column":8},"end":{"line":224,"column":40}},"111":{"start":{"line":226,"column":6},"end":{"line":228,"column":7}},"112":{"start":{"line":227,"column":8},"end":{"line":227,"column":74}},"113":{"start":{"line":227,"column":63},"end":{"line":227,"column":71}},"114":{"start":{"line":229,"column":6},"end":{"line":229,"column":43}},"115":{"start":{"line":232,"column":4},"end":{"line":234,"column":5}},"116":{"start":{"line":233,"column":6},"end":{"line":233,"column":56}},"117":{"start":{"line":233,"column":46},"end":{"line":233,"column":54}},"118":{"start":{"line":238,"column":24},"end":{"line":238,"column":51}},"119":{"start":{"line":240,"column":4},"end":{"line":248,"column":5}},"120":{"start":{"line":241,"column":6},"end":{"line":241,"column":58}},"121":{"start":{"line":242,"column":11},"end":{"line":248,"column":5}},"122":{"start":{"line":243,"column":6},"end":{"line":243,"column":63}},"123":{"start":{"line":244,"column":11},"end":{"line":248,"column":5}},"124":{"start":{"line":245,"column":6},"end":{"line":245,"column":77}},"125":{"start":{"line":247,"column":6},"end":{"line":247,"column":19}},"126":{"start":{"line":250,"column":4},"end":{"line":253,"column":7}},"127":{"start":{"line":257,"column":24},"end":{"line":285,"column":4}},"128":{"start":{"line":258,"column":19},"end":{"line":258,"column":29}},"129":{"start":{"line":259,"column":74},"end":{"line":259,"column":82}},"130":{"start":{"line":261,"column":27},"end":{"line":261,"column":56}},"131":{"start":{"line":262,"column":4},"end":{"line":264,"column":5}},"132":{"start":{"line":263,"column":6},"end":{"line":263,"column":50}},"133":{"start":{"line":267,"column":29},"end":{"line":267,"column":64}},"134":{"start":{"line":268,"column":4},"end":{"line":270,"column":5}},"135":{"start":{"line":269,"column":6},"end":{"line":269,"column":69}},"136":{"start":{"line":272,"column":19},"end":{"line":279,"column":6}},"137":{"start":{"line":281,"column":4},"end":{"line":284,"column":7}},"138":{"start":{"line":288,"column":24},"end":{"line":297,"column":4}},"139":{"start":{"line":289,"column":19},"end":{"line":289,"column":29}},"140":{"start":{"line":290,"column":20},"end":{"line":290,"column":48}},"141":{"start":{"line":292,"column":4},"end":{"line":294,"column":5}},"142":{"start":{"line":293,"column":6},"end":{"line":293,"column":50}},"143":{"start":{"line":296,"column":4},"end":{"line":296,"column":57}},"144":{"start":{"line":300,"column":22},"end":{"line":303,"column":4}},"145":{"start":{"line":301,"column":17},"end":{"line":301,"column":47}},"146":{"start":{"line":302,"column":4},"end":{"line":302,"column":46}},"147":{"start":{"line":302,"column":35},"end":{"line":302,"column":41}},"148":{"start":{"line":306,"column":0},"end":{"line":306,"column":34}}},"fnMap":{"0":{"name":"(anonymous_0)","decl":{"start":{"line":5,"column":22},"end":{"line":5,"column":23}},"loc":{"start":{"line":5,"column":32},"end":{"line":15,"column":1}},"line":5},"1":{"name":"(anonymous_1)","decl":{"start":{"line":10,"column":9},"end":{"line":10,"column":10}},"loc":{"start":{"line":10,"column":16},"end":{"line":10,"column":72}},"line":10},"2":{"name":"(anonymous_2)","decl":{"start":{"line":11,"column":12},"end":{"line":11,"column":13}},"loc":{"start":{"line":11,"column":19},"end":{"line":11,"column":33}},"line":11},"3":{"name":"(anonymous_3)","decl":{"start":{"line":18,"column":29},"end":{"line":18,"column":30}},"loc":{"start":{"line":18,"column":46},"end":{"line":26,"column":1}},"line":18},"4":{"name":"(anonymous_4)","decl":{"start":{"line":21,"column":25},"end":{"line":21,"column":26}},"loc":{"start":{"line":21,"column":40},"end":{"line":25,"column":3}},"line":21},"5":{"name":"(anonymous_5)","decl":{"start":{"line":29,"column":28},"end":{"line":29,"column":29}},"loc":{"start":{"line":29,"column":56},"end":{"line":143,"column":1}},"line":29},"6":{"name":"(anonymous_6)","decl":{"start":{"line":84,"column":31},"end":{"line":84,"column":32}},"loc":{"start":{"line":84,"column":54},"end":{"line":114,"column":7}},"line":84},"7":{"name":"(anonymous_7)","decl":{"start":{"line":128,"column":24},"end":{"line":128,"column":25}},"loc":{"start":{"line":128,"column":40},"end":{"line":138,"column":7}},"line":128},"8":{"name":"(anonymous_8)","decl":{"start":{"line":147,"column":37},"end":{"line":147,"column":38}},"loc":{"start":{"line":147,"column":57},"end":{"line":168,"column":3}},"line":147},"9":{"name":"(anonymous_9)","decl":{"start":{"line":171,"column":38},"end":{"line":171,"column":39}},"loc":{"start":{"line":171,"column":58},"end":{"line":190,"column":3}},"line":171},"10":{"name":"(anonymous_10)","decl":{"start":{"line":193,"column":38},"end":{"line":193,"column":39}},"loc":{"start":{"line":193,"column":58},"end":{"line":202,"column":3}},"line":193},"11":{"name":"(anonymous_11)","decl":{"start":{"line":205,"column":38},"end":{"line":205,"column":39}},"loc":{"start":{"line":205,"column":58},"end":{"line":254,"column":3}},"line":205},"12":{"name":"(anonymous_12)","decl":{"start":{"line":227,"column":58},"end":{"line":227,"column":59}},"loc":{"start":{"line":227,"column":63},"end":{"line":227,"column":71}},"line":227},"13":{"name":"(anonymous_13)","decl":{"start":{"line":233,"column":41},"end":{"line":233,"column":42}},"loc":{"start":{"line":233,"column":46},"end":{"line":233,"column":54}},"line":233},"14":{"name":"(anonymous_14)","decl":{"start":{"line":257,"column":37},"end":{"line":257,"column":38}},"loc":{"start":{"line":257,"column":57},"end":{"line":285,"column":3}},"line":257},"15":{"name":"(anonymous_15)","decl":{"start":{"line":288,"column":37},"end":{"line":288,"column":38}},"loc":{"start":{"line":288,"column":57},"end":{"line":297,"column":3}},"line":288},"16":{"name":"(anonymous_16)","decl":{"start":{"line":300,"column":35},"end":{"line":300,"column":36}},"loc":{"start":{"line":300,"column":55},"end":{"line":303,"column":3}},"line":300},"17":{"name":"(anonymous_17)","decl":{"start":{"line":302,"column":30},"end":{"line":302,"column":31}},"loc":{"start":{"line":302,"column":35},"end":{"line":302,"column":41}},"line":302}},"branchMap":{"0":{"loc":{"start":{"line":6,"column":2},"end":{"line":6,"column":40}},"type":"if","locations":[{"start":{"line":6,"column":2},"end":{"line":6,"column":40}},{"start":{},"end":{}}],"line":6},"1":{"loc":{"start":{"line":10,"column":16},"end":{"line":10,"column":72}},"type":"cond-expr","locations":[{"start":{"line":10,"column":42},"end":{"line":10,"column":66}},{"start":{"line":10,"column":69},"end":{"line":10,"column":72}}],"line":10},"2":{"loc":{"start":{"line":19,"column":2},"end":{"line":19,"column":54}},"type":"if","locations":[{"start":{"line":19,"column":2},"end":{"line":19,"column":54}},{"start":{},"end":{}}],"line":19},"3":{"loc":{"start":{"line":22,"column":10},"end":{"line":22,"column":68}},"type":"cond-expr","locations":[{"start":{"line":22,"column":28},"end":{"line":22,"column":50}},{"start":{"line":22,"column":53},"end":{"line":22,"column":68}}],"line":22},"4":{"loc":{"start":{"line":23,"column":14},"end":{"line":23,"column":84}},"type":"cond-expr","locations":[{"start":{"line":23,"column":36},"end":{"line":23,"column":62}},{"start":{"line":23,"column":65},"end":{"line":23,"column":84}}],"line":23},"5":{"loc":{"start":{"line":24,"column":10},"end":{"line":24,"column":68}},"type":"cond-expr","locations":[{"start":{"line":24,"column":28},"end":{"line":24,"column":50}},{"start":{"line":24,"column":53},"end":{"line":24,"column":68}}],"line":24},"6":{"loc":{"start":{"line":29,"column":35},"end":{"line":29,"column":51}},"type":"default-arg","locations":[{"start":{"line":29,"column":46},"end":{"line":29,"column":51}}],"line":29},"7":{"loc":{"start":{"line":33,"column":2},"end":{"line":41,"column":3}},"type":"if","locations":[{"start":{"line":33,"column":2},"end":{"line":41,"column":3}},{"start":{"line":37,"column":9},"end":{"line":41,"column":3}}],"line":33},"8":{"loc":{"start":{"line":34,"column":4},"end":{"line":36,"column":5}},"type":"if","locations":[{"start":{"line":34,"column":4},"end":{"line":36,"column":5}},{"start":{},"end":{}}],"line":34},"9":{"loc":{"start":{"line":34,"column":8},"end":{"line":34,"column":87}},"type":"binary-expr","locations":[{"start":{"line":34,"column":8},"end":{"line":34,"column":19}},{"start":{"line":34,"column":23},"end":{"line":34,"column":53}},{"start":{"line":34,"column":57},"end":{"line":34,"column":87}}],"line":34},"10":{"loc":{"start":{"line":37,"column":9},"end":{"line":41,"column":3}},"type":"if","locations":[{"start":{"line":37,"column":9},"end":{"line":41,"column":3}},{"start":{},"end":{}}],"line":37},"11":{"loc":{"start":{"line":38,"column":4},"end":{"line":40,"column":5}},"type":"if","locations":[{"start":{"line":38,"column":4},"end":{"line":40,"column":5}},{"start":{},"end":{}}],"line":38},"12":{"loc":{"start":{"line":38,"column":8},"end":{"line":38,"column":72}},"type":"binary-expr","locations":[{"start":{"line":38,"column":8},"end":{"line":38,"column":38}},{"start":{"line":38,"column":42},"end":{"line":38,"column":72}}],"line":38},"13":{"loc":{"start":{"line":43,"column":2},"end":{"line":45,"column":3}},"type":"if","locations":[{"start":{"line":43,"column":2},"end":{"line":45,"column":3}},{"start":{},"end":{}}],"line":43},"14":{"loc":{"start":{"line":43,"column":6},"end":{"line":43,"column":43}},"type":"binary-expr","locations":[{"start":{"line":43,"column":6},"end":{"line":43,"column":16}},{"start":{"line":43,"column":20},"end":{"line":43,"column":43}}],"line":43},"15":{"loc":{"start":{"line":48,"column":2},"end":{"line":54,"column":3}},"type":"if","locations":[{"start":{"line":48,"column":2},"end":{"line":54,"column":3}},{"start":{},"end":{}}],"line":48},"16":{"loc":{"start":{"line":48,"column":6},"end":{"line":48,"column":55}},"type":"binary-expr","locations":[{"start":{"line":48,"column":6},"end":{"line":48,"column":31}},{"start":{"line":48,"column":35},"end":{"line":48,"column":55}}],"line":48},"17":{"loc":{"start":{"line":49,"column":4},"end":{"line":53,"column":5}},"type":"if","locations":[{"start":{"line":49,"column":4},"end":{"line":53,"column":5}},{"start":{"line":51,"column":11},"end":{"line":53,"column":5}}],"line":49},"18":{"loc":{"start":{"line":51,"column":11},"end":{"line":53,"column":5}},"type":"if","locations":[{"start":{"line":51,"column":11},"end":{"line":53,"column":5}},{"start":{},"end":{}}],"line":51},"19":{"loc":{"start":{"line":57,"column":2},"end":{"line":63,"column":3}},"type":"if","locations":[{"start":{"line":57,"column":2},"end":{"line":63,"column":3}},{"start":{},"end":{}}],"line":57},"20":{"loc":{"start":{"line":57,"column":6},"end":{"line":57,"column":67}},"type":"binary-expr","locations":[{"start":{"line":57,"column":6},"end":{"line":57,"column":37}},{"start":{"line":57,"column":41},"end":{"line":57,"column":67}}],"line":57},"21":{"loc":{"start":{"line":58,"column":4},"end":{"line":62,"column":5}},"type":"if","locations":[{"start":{"line":58,"column":4},"end":{"line":62,"column":5}},{"start":{"line":60,"column":11},"end":{"line":62,"column":5}}],"line":58},"22":{"loc":{"start":{"line":60,"column":11},"end":{"line":62,"column":5}},"type":"if","locations":[{"start":{"line":60,"column":11},"end":{"line":62,"column":5}},{"start":{},"end":{}}],"line":60},"23":{"loc":{"start":{"line":66,"column":2},"end":{"line":72,"column":3}},"type":"if","locations":[{"start":{"line":66,"column":2},"end":{"line":72,"column":3}},{"start":{},"end":{}}],"line":66},"24":{"loc":{"start":{"line":66,"column":6},"end":{"line":66,"column":61}},"type":"binary-expr","locations":[{"start":{"line":66,"column":6},"end":{"line":66,"column":34}},{"start":{"line":66,"column":38},"end":{"line":66,"column":61}}],"line":66},"25":{"loc":{"start":{"line":67,"column":4},"end":{"line":71,"column":5}},"type":"if","locations":[{"start":{"line":67,"column":4},"end":{"line":71,"column":5}},{"start":{"line":69,"column":11},"end":{"line":71,"column":5}}],"line":67},"26":{"loc":{"start":{"line":69,"column":11},"end":{"line":71,"column":5}},"type":"if","locations":[{"start":{"line":69,"column":11},"end":{"line":71,"column":5}},{"start":{},"end":{}}],"line":69},"27":{"loc":{"start":{"line":75,"column":2},"end":{"line":116,"column":3}},"type":"if","locations":[{"start":{"line":75,"column":2},"end":{"line":116,"column":3}},{"start":{},"end":{}}],"line":75},"28":{"loc":{"start":{"line":76,"column":4},"end":{"line":115,"column":5}},"type":"if","locations":[{"start":{"line":76,"column":4},"end":{"line":115,"column":5}},{"start":{"line":78,"column":11},"end":{"line":115,"column":5}}],"line":76},"29":{"loc":{"start":{"line":79,"column":6},"end":{"line":81,"column":7}},"type":"if","locations":[{"start":{"line":79,"column":6},"end":{"line":81,"column":7}},{"start":{},"end":{}}],"line":79},"30":{"loc":{"start":{"line":85,"column":8},"end":{"line":88,"column":9}},"type":"if","locations":[{"start":{"line":85,"column":8},"end":{"line":88,"column":9}},{"start":{},"end":{}}],"line":85},"31":{"loc":{"start":{"line":85,"column":12},"end":{"line":85,"column":94}},"type":"binary-expr","locations":[{"start":{"line":85,"column":12},"end":{"line":85,"column":42}},{"start":{"line":85,"column":46},"end":{"line":85,"column":65}},{"start":{"line":85,"column":69},"end":{"line":85,"column":94}}],"line":85},"32":{"loc":{"start":{"line":91,"column":8},"end":{"line":95,"column":9}},"type":"if","locations":[{"start":{"line":91,"column":8},"end":{"line":95,"column":9}},{"start":{"line":93,"column":15},"end":{"line":95,"column":9}}],"line":91},"33":{"loc":{"start":{"line":91,"column":12},"end":{"line":91,"column":106}},"type":"binary-expr","locations":[{"start":{"line":91,"column":12},"end":{"line":91,"column":28}},{"start":{"line":91,"column":32},"end":{"line":91,"column":67}},{"start":{"line":91,"column":71},"end":{"line":91,"column":106}}],"line":91},"34":{"loc":{"start":{"line":93,"column":15},"end":{"line":95,"column":9}},"type":"if","locations":[{"start":{"line":93,"column":15},"end":{"line":95,"column":9}},{"start":{},"end":{}}],"line":93},"35":{"loc":{"start":{"line":98,"column":8},"end":{"line":104,"column":9}},"type":"if","locations":[{"start":{"line":98,"column":8},"end":{"line":104,"column":9}},{"start":{},"end":{}}],"line":98},"36":{"loc":{"start":{"line":98,"column":12},"end":{"line":98,"column":77}},"type":"binary-expr","locations":[{"start":{"line":98,"column":12},"end":{"line":98,"column":45}},{"start":{"line":98,"column":49},"end":{"line":98,"column":77}}],"line":98},"37":{"loc":{"start":{"line":99,"column":10},"end":{"line":103,"column":11}},"type":"if","locations":[{"start":{"line":99,"column":10},"end":{"line":103,"column":11}},{"start":{"line":101,"column":17},"end":{"line":103,"column":11}}],"line":99},"38":{"loc":{"start":{"line":101,"column":17},"end":{"line":103,"column":11}},"type":"if","locations":[{"start":{"line":101,"column":17},"end":{"line":103,"column":11}},{"start":{},"end":{}}],"line":101},"39":{"loc":{"start":{"line":107,"column":8},"end":{"line":113,"column":9}},"type":"if","locations":[{"start":{"line":107,"column":8},"end":{"line":113,"column":9}},{"start":{},"end":{}}],"line":107},"40":{"loc":{"start":{"line":107,"column":12},"end":{"line":107,"column":69}},"type":"binary-expr","locations":[{"start":{"line":107,"column":12},"end":{"line":107,"column":41}},{"start":{"line":107,"column":45},"end":{"line":107,"column":69}}],"line":107},"41":{"loc":{"start":{"line":108,"column":10},"end":{"line":112,"column":11}},"type":"if","locations":[{"start":{"line":108,"column":10},"end":{"line":112,"column":11}},{"start":{"line":110,"column":17},"end":{"line":112,"column":11}}],"line":108},"42":{"loc":{"start":{"line":110,"column":17},"end":{"line":112,"column":11}},"type":"if","locations":[{"start":{"line":110,"column":17},"end":{"line":112,"column":11}},{"start":{},"end":{}}],"line":110},"43":{"loc":{"start":{"line":119,"column":2},"end":{"line":140,"column":3}},"type":"if","locations":[{"start":{"line":119,"column":2},"end":{"line":140,"column":3}},{"start":{},"end":{}}],"line":119},"44":{"loc":{"start":{"line":120,"column":4},"end":{"line":139,"column":5}},"type":"if","locations":[{"start":{"line":120,"column":4},"end":{"line":139,"column":5}},{"start":{"line":122,"column":11},"end":{"line":139,"column":5}}],"line":120},"45":{"loc":{"start":{"line":123,"column":6},"end":{"line":125,"column":7}},"type":"if","locations":[{"start":{"line":123,"column":6},"end":{"line":125,"column":7}},{"start":{},"end":{}}],"line":123},"46":{"loc":{"start":{"line":129,"column":8},"end":{"line":137,"column":9}},"type":"if","locations":[{"start":{"line":129,"column":8},"end":{"line":137,"column":9}},{"start":{"line":131,"column":15},"end":{"line":137,"column":9}}],"line":129},"47":{"loc":{"start":{"line":131,"column":15},"end":{"line":137,"column":9}},"type":"if","locations":[{"start":{"line":131,"column":15},"end":{"line":137,"column":9}},{"start":{"line":133,"column":15},"end":{"line":137,"column":9}}],"line":131},"48":{"loc":{"start":{"line":133,"column":15},"end":{"line":137,"column":9}},"type":"if","locations":[{"start":{"line":133,"column":15},"end":{"line":137,"column":9}},{"start":{"line":135,"column":15},"end":{"line":137,"column":9}}],"line":133},"49":{"loc":{"start":{"line":135,"column":15},"end":{"line":137,"column":9}},"type":"if","locations":[{"start":{"line":135,"column":15},"end":{"line":137,"column":9}},{"start":{},"end":{}}],"line":135},"50":{"loc":{"start":{"line":151,"column":4},"end":{"line":153,"column":5}},"type":"if","locations":[{"start":{"line":151,"column":4},"end":{"line":153,"column":5}},{"start":{},"end":{}}],"line":151},"51":{"loc":{"start":{"line":157,"column":14},"end":{"line":157,"column":43}},"type":"cond-expr","locations":[{"start":{"line":157,"column":23},"end":{"line":157,"column":36}},{"start":{"line":157,"column":39},"end":{"line":157,"column":43}}],"line":157},"52":{"loc":{"start":{"line":158,"column":20},"end":{"line":158,"column":61}},"type":"cond-expr","locations":[{"start":{"line":158,"column":35},"end":{"line":158,"column":54}},{"start":{"line":158,"column":57},"end":{"line":158,"column":61}}],"line":158},"53":{"loc":{"start":{"line":159,"column":17},"end":{"line":159,"column":52}},"type":"cond-expr","locations":[{"start":{"line":159,"column":29},"end":{"line":159,"column":45}},{"start":{"line":159,"column":48},"end":{"line":159,"column":52}}],"line":159},"54":{"loc":{"start":{"line":160,"column":40},"end":{"line":160,"column":57}},"type":"binary-expr","locations":[{"start":{"line":160,"column":40},"end":{"line":160,"column":51}},{"start":{"line":160,"column":55},"end":{"line":160,"column":57}}],"line":160},"55":{"loc":{"start":{"line":161,"column":26},"end":{"line":161,"column":36}},"type":"binary-expr","locations":[{"start":{"line":161,"column":26},"end":{"line":161,"column":30}},{"start":{"line":161,"column":34},"end":{"line":161,"column":36}}],"line":161},"56":{"loc":{"start":{"line":172,"column":16},"end":{"line":172,"column":47}},"type":"binary-expr","locations":[{"start":{"line":172,"column":16},"end":{"line":172,"column":41}},{"start":{"line":172,"column":45},"end":{"line":172,"column":47}}],"line":172},"57":{"loc":{"start":{"line":173,"column":17},"end":{"line":173,"column":48}},"type":"binary-expr","locations":[{"start":{"line":173,"column":17},"end":{"line":173,"column":43}},{"start":{"line":173,"column":47},"end":{"line":173,"column":48}}],"line":173},"58":{"loc":{"start":{"line":176,"column":4},"end":{"line":176,"column":46}},"type":"if","locations":[{"start":{"line":176,"column":4},"end":{"line":176,"column":46}},{"start":{},"end":{}}],"line":176},"59":{"loc":{"start":{"line":176,"column":8},"end":{"line":176,"column":33}},"type":"binary-expr","locations":[{"start":{"line":176,"column":8},"end":{"line":176,"column":20}},{"start":{"line":176,"column":24},"end":{"line":176,"column":33}}],"line":176},"60":{"loc":{"start":{"line":177,"column":4},"end":{"line":177,"column":48}},"type":"if","locations":[{"start":{"line":177,"column":4},"end":{"line":177,"column":48}},{"start":{},"end":{}}],"line":177},"61":{"loc":{"start":{"line":177,"column":8},"end":{"line":177,"column":35}},"type":"binary-expr","locations":[{"start":{"line":177,"column":8},"end":{"line":177,"column":21}},{"start":{"line":177,"column":25},"end":{"line":177,"column":35}}],"line":177},"62":{"loc":{"start":{"line":197,"column":4},"end":{"line":199,"column":5}},"type":"if","locations":[{"start":{"line":197,"column":4},"end":{"line":199,"column":5}},{"start":{},"end":{}}],"line":197},"63":{"loc":{"start":{"line":209,"column":4},"end":{"line":211,"column":5}},"type":"if","locations":[{"start":{"line":209,"column":4},"end":{"line":211,"column":5}},{"start":{},"end":{}}],"line":209},"64":{"loc":{"start":{"line":209,"column":8},"end":{"line":209,"column":54}},"type":"binary-expr","locations":[{"start":{"line":209,"column":8},"end":{"line":209,"column":14}},{"start":{"line":209,"column":18},"end":{"line":209,"column":29}},{"start":{"line":209,"column":33},"end":{"line":209,"column":45}},{"start":{"line":209,"column":49},"end":{"line":209,"column":54}}],"line":209},"65":{"loc":{"start":{"line":216,"column":4},"end":{"line":218,"column":5}},"type":"if","locations":[{"start":{"line":216,"column":4},"end":{"line":218,"column":5}},{"start":{},"end":{}}],"line":216},"66":{"loc":{"start":{"line":221,"column":4},"end":{"line":230,"column":5}},"type":"if","locations":[{"start":{"line":221,"column":4},"end":{"line":230,"column":5}},{"start":{},"end":{}}],"line":221},"67":{"loc":{"start":{"line":221,"column":8},"end":{"line":221,"column":33}},"type":"binary-expr","locations":[{"start":{"line":221,"column":8},"end":{"line":221,"column":18}},{"start":{"line":221,"column":22},"end":{"line":221,"column":33}}],"line":221},"68":{"loc":{"start":{"line":223,"column":6},"end":{"line":225,"column":7}},"type":"if","locations":[{"start":{"line":223,"column":6},"end":{"line":225,"column":7}},{"start":{},"end":{}}],"line":223},"69":{"loc":{"start":{"line":226,"column":6},"end":{"line":228,"column":7}},"type":"if","locations":[{"start":{"line":226,"column":6},"end":{"line":228,"column":7}},{"start":{},"end":{}}],"line":226},"70":{"loc":{"start":{"line":232,"column":4},"end":{"line":234,"column":5}},"type":"if","locations":[{"start":{"line":232,"column":4},"end":{"line":234,"column":5}},{"start":{},"end":{}}],"line":232},"71":{"loc":{"start":{"line":240,"column":4},"end":{"line":248,"column":5}},"type":"if","locations":[{"start":{"line":240,"column":4},"end":{"line":248,"column":5}},{"start":{"line":242,"column":11},"end":{"line":248,"column":5}}],"line":240},"72":{"loc":{"start":{"line":240,"column":8},"end":{"line":240,"column":98}},"type":"binary-expr","locations":[{"start":{"line":240,"column":8},"end":{"line":240,"column":23}},{"start":{"line":240,"column":28},"end":{"line":240,"column":47}},{"start":{"line":240,"column":51},"end":{"line":240,"column":81}},{"start":{"line":240,"column":86},"end":{"line":240,"column":98}}],"line":240},"73":{"loc":{"start":{"line":242,"column":11},"end":{"line":248,"column":5}},"type":"if","locations":[{"start":{"line":242,"column":11},"end":{"line":248,"column":5}},{"start":{"line":244,"column":11},"end":{"line":248,"column":5}}],"line":242},"74":{"loc":{"start":{"line":244,"column":11},"end":{"line":248,"column":5}},"type":"if","locations":[{"start":{"line":244,"column":11},"end":{"line":248,"column":5}},{"start":{"line":246,"column":11},"end":{"line":248,"column":5}}],"line":244},"75":{"loc":{"start":{"line":244,"column":15},"end":{"line":244,"column":70}},"type":"binary-expr","locations":[{"start":{"line":244,"column":15},"end":{"line":244,"column":34}},{"start":{"line":244,"column":38},"end":{"line":244,"column":70}}],"line":244},"76":{"loc":{"start":{"line":262,"column":4},"end":{"line":264,"column":5}},"type":"if","locations":[{"start":{"line":262,"column":4},"end":{"line":264,"column":5}},{"start":{},"end":{}}],"line":262},"77":{"loc":{"start":{"line":268,"column":4},"end":{"line":270,"column":5}},"type":"if","locations":[{"start":{"line":268,"column":4},"end":{"line":270,"column":5}},{"start":{},"end":{}}],"line":268},"78":{"loc":{"start":{"line":273,"column":13},"end":{"line":273,"column":70}},"type":"cond-expr","locations":[{"start":{"line":273,"column":35},"end":{"line":273,"column":47}},{"start":{"line":273,"column":50},"end":{"line":273,"column":70}}],"line":273},"79":{"loc":{"start":{"line":274,"column":14},"end":{"line":274,"column":92}},"type":"cond-expr","locations":[{"start":{"line":274,"column":38},"end":{"line":274,"column":67}},{"start":{"line":274,"column":71},"end":{"line":274,"column":92}}],"line":274},"80":{"loc":{"start":{"line":274,"column":38},"end":{"line":274,"column":67}},"type":"cond-expr","locations":[{"start":{"line":274,"column":47},"end":{"line":274,"column":60}},{"start":{"line":274,"column":63},"end":{"line":274,"column":67}}],"line":274},"81":{"loc":{"start":{"line":275,"column":20},"end":{"line":275,"column":122}},"type":"cond-expr","locations":[{"start":{"line":275,"column":50},"end":{"line":275,"column":91}},{"start":{"line":275,"column":95},"end":{"line":275,"column":122}}],"line":275},"82":{"loc":{"start":{"line":275,"column":50},"end":{"line":275,"column":91}},"type":"cond-expr","locations":[{"start":{"line":275,"column":65},"end":{"line":275,"column":84}},{"start":{"line":275,"column":87},"end":{"line":275,"column":91}}],"line":275},"83":{"loc":{"start":{"line":276,"column":17},"end":{"line":276,"column":107}},"type":"cond-expr","locations":[{"start":{"line":276,"column":44},"end":{"line":276,"column":79}},{"start":{"line":276,"column":83},"end":{"line":276,"column":107}}],"line":276},"84":{"loc":{"start":{"line":276,"column":44},"end":{"line":276,"column":79}},"type":"cond-expr","locations":[{"start":{"line":276,"column":56},"end":{"line":276,"column":72}},{"start":{"line":276,"column":75},"end":{"line":276,"column":79}}],"line":276},"85":{"loc":{"start":{"line":277,"column":19},"end":{"line":277,"column":92}},"type":"cond-expr","locations":[{"start":{"line":277,"column":47},"end":{"line":277,"column":80}},{"start":{"line":277,"column":83},"end":{"line":277,"column":92}}],"line":277},"86":{"loc":{"start":{"line":278,"column":12},"end":{"line":278,"column":64}},"type":"cond-expr","locations":[{"start":{"line":278,"column":33},"end":{"line":278,"column":52}},{"start":{"line":278,"column":55},"end":{"line":278,"column":64}}],"line":278},"87":{"loc":{"start":{"line":292,"column":4},"end":{"line":294,"column":5}},"type":"if","locations":[{"start":{"line":292,"column":4},"end":{"line":294,"column":5}},{"start":{},"end":{}}],"line":292}},"s":{"0":1,"1":1,"2":1,"3":27,"4":0,"5":27,"6":67,"7":67,"8":27,"9":1,"10":25,"11":0,"12":25,"13":60,"14":1,"15":31,"16":31,"17":28,"18":1,"19":3,"20":1,"21":0,"22":31,"23":0,"24":31,"25":24,"26":0,"27":24,"28":0,"29":31,"30":23,"31":0,"32":23,"33":0,"34":31,"35":23,"36":0,"37":23,"38":0,"39":31,"40":27,"41":0,"42":27,"43":0,"44":27,"45":62,"46":0,"47":0,"48":62,"49":2,"50":60,"51":0,"52":62,"53":62,"54":0,"55":62,"56":0,"57":62,"58":61,"59":0,"60":61,"61":0,"62":31,"63":27,"64":0,"65":27,"66":0,"67":27,"68":69,"69":1,"70":68,"71":0,"72":68,"73":0,"74":68,"75":0,"76":31,"77":1,"78":28,"79":28,"80":28,"81":3,"82":25,"83":25,"84":1,"85":2,"86":2,"87":2,"88":0,"89":2,"90":0,"91":2,"92":2,"93":2,"94":1,"95":3,"96":3,"97":3,"98":2,"99":1,"100":1,"101":5,"102":5,"103":1,"104":4,"105":4,"106":1,"107":4,"108":2,"109":2,"110":1,"111":2,"112":1,"113":2,"114":2,"115":4,"116":1,"117":1,"118":4,"119":4,"120":2,"121":2,"122":1,"123":1,"124":1,"125":0,"126":4,"127":1,"128":4,"129":4,"130":4,"131":4,"132":1,"133":3,"134":3,"135":1,"136":2,"137":2,"138":1,"139":2,"140":2,"141":2,"142":1,"143":1,"144":1,"145":1,"146":1,"147":4,"148":1},"f":{"0":27,"1":67,"2":67,"3":25,"4":60,"5":31,"6":62,"7":69,"8":28,"9":2,"10":3,"11":5,"12":2,"13":1,"14":4,"15":2,"16":1,"17":4},"b":{"0":[0,27],"1":[67,0],"2":[0,25],"3":[60,0],"4":[60,0],"5":[60,0],"6":[28],"7":[28,3],"8":[1,27],"9":[28,27,27],"10":[1,2],"11":[0,1],"12":[1,1],"13":[0,31],"14":[31,28],"15":[24,7],"16":[31,24],"17":[0,24],"18":[0,24],"19":[23,8],"20":[31,23],"21":[0,23],"22":[0,23],"23":[23,8],"24":[31,23],"25":[0,23],"26":[0,23],"27":[27,4],"28":[0,27],"29":[0,27],"30":[0,62],"31":[62,62,62],"32":[2,60],"33":[62,60,60],"34":[0,60],"35":[62,0],"36":[62,62],"37":[0,62],"38":[0,62],"39":[61,1],"40":[62,61],"41":[0,61],"42":[0,61],"43":[27,4],"44":[0,27],"45":[0,27],"46":[1,68],"47":[0,68],"48":[0,68],"49":[0,68],"50":[3,25],"51":[23,2],"52":[23,2],"53":[23,2],"54":[25,1],"55":[25,1],"56":[2,1],"57":[2,2],"58":[0,2],"59":[2,2],"60":[0,2],"61":[2,2],"62":[2,1],"63":[1,4],"64":[5,4,3,2],"65":[1,3],"66":[2,2],"67":[4,3],"68":[1,1],"69":[1,1],"70":[1,3],"71":[2,2],"72":[4,4,2,3],"73":[1,1],"74":[1,0],"75":[1,1],"76":[1,3],"77":[1,2],"78":[1,1],"79":[0,2],"80":[0,0],"81":[0,2],"82":[0,0],"83":[0,2],"84":[0,0],"85":[0,2],"86":[2,0],"87":[1,1]},"_coverageSchema":"1a1c01bbd47fc00a2c39e90264f33305004495a9","hash":"cc16985d16605ba639a0ab85ffe6b3bfb8aded5c"}
,"/Users/michaelbuckingham/Documents/my-apps/moms-recipes/backend/src/middleware/errorHandler.js": {"path":"/Users/michaelbuckingham/Documents/my-apps/moms-recipes/backend/src/middleware/errorHandler.js","statementMap":{"0":{"start":{"line":2,"column":21},"end":{"line":4,"column":1}},"1":{"start":{"line":2,"column":29},"end":{"line":4,"column":1}},"2":{"start":{"line":3,"column":2},"end":{"line":3,"column":50}},"3":{"start":{"line":9,"column":4},"end":{"line":9,"column":19}},"4":{"start":{"line":10,"column":4},"end":{"line":10,"column":33}},"5":{"start":{"line":11,"column":4},"end":{"line":11,"column":25}},"6":{"start":{"line":12,"column":4},"end":{"line":12,"column":27}},"7":{"start":{"line":17,"column":21},"end":{"line":52,"column":1}},"8":{"start":{"line":18,"column":2},"end":{"line":18,"column":31}},"9":{"start":{"line":21,"column":2},"end":{"line":26,"column":3}},"10":{"start":{"line":22,"column":4},"end":{"line":25,"column":7}},"11":{"start":{"line":29,"column":2},"end":{"line":34,"column":3}},"12":{"start":{"line":30,"column":4},"end":{"line":33,"column":7}},"13":{"start":{"line":37,"column":2},"end":{"line":42,"column":3}},"14":{"start":{"line":38,"column":4},"end":{"line":41,"column":7}},"15":{"start":{"line":45,"column":21},"end":{"line":45,"column":42}},"16":{"start":{"line":46,"column":18},"end":{"line":46,"column":56}},"17":{"start":{"line":48,"column":2},"end":{"line":51,"column":5}},"18":{"start":{"line":54,"column":0},"end":{"line":58,"column":2}}},"fnMap":{"0":{"name":"(anonymous_0)","decl":{"start":{"line":2,"column":21},"end":{"line":2,"column":22}},"loc":{"start":{"line":2,"column":29},"end":{"line":4,"column":1}},"line":2},"1":{"name":"(anonymous_1)","decl":{"start":{"line":2,"column":29},"end":{"line":2,"column":30}},"loc":{"start":{"line":2,"column":49},"end":{"line":4,"column":1}},"line":2},"2":{"name":"(anonymous_2)","decl":{"start":{"line":8,"column":2},"end":{"line":8,"column":3}},"loc":{"start":{"line":8,"column":48},"end":{"line":13,"column":3}},"line":8},"3":{"name":"(anonymous_3)","decl":{"start":{"line":17,"column":21},"end":{"line":17,"column":22}},"loc":{"start":{"line":17,"column":46},"end":{"line":52,"column":1}},"line":17}},"branchMap":{"0":{"loc":{"start":{"line":8,"column":35},"end":{"line":8,"column":46}},"type":"default-arg","locations":[{"start":{"line":8,"column":44},"end":{"line":8,"column":46}}],"line":8},"1":{"loc":{"start":{"line":21,"column":2},"end":{"line":26,"column":3}},"type":"if","locations":[{"start":{"line":21,"column":2},"end":{"line":26,"column":3}},{"start":{},"end":{}}],"line":21},"2":{"loc":{"start":{"line":24,"column":10},"end":{"line":24,"column":57}},"type":"binary-expr","locations":[{"start":{"line":24,"column":10},"end":{"line":24,"column":31}},{"start":{"line":24,"column":35},"end":{"line":24,"column":57}}],"line":24},"3":{"loc":{"start":{"line":29,"column":2},"end":{"line":34,"column":3}},"type":"if","locations":[{"start":{"line":29,"column":2},"end":{"line":34,"column":3}},{"start":{},"end":{}}],"line":29},"4":{"loc":{"start":{"line":32,"column":14},"end":{"line":32,"column":41}},"type":"binary-expr","locations":[{"start":{"line":32,"column":14},"end":{"line":32,"column":24}},{"start":{"line":32,"column":28},"end":{"line":32,"column":41}}],"line":32},"5":{"loc":{"start":{"line":37,"column":2},"end":{"line":42,"column":3}},"type":"if","locations":[{"start":{"line":37,"column":2},"end":{"line":42,"column":3}},{"start":{},"end":{}}],"line":37},"6":{"loc":{"start":{"line":40,"column":15},"end":{"line":40,"column":89}},"type":"cond-expr","locations":[{"start":{"line":40,"column":56},"end":{"line":40,"column":67}},{"start":{"line":40,"column":70},"end":{"line":40,"column":89}}],"line":40},"7":{"loc":{"start":{"line":45,"column":21},"end":{"line":45,"column":42}},"type":"binary-expr","locations":[{"start":{"line":45,"column":21},"end":{"line":45,"column":35}},{"start":{"line":45,"column":39},"end":{"line":45,"column":42}}],"line":45},"8":{"loc":{"start":{"line":46,"column":18},"end":{"line":46,"column":56}},"type":"binary-expr","locations":[{"start":{"line":46,"column":18},"end":{"line":46,"column":29}},{"start":{"line":46,"column":33},"end":{"line":46,"column":56}}],"line":46},"9":{"loc":{"start":{"line":50,"column":8},"end":{"line":50,"column":70}},"type":"binary-expr","locations":[{"start":{"line":50,"column":8},"end":{"line":50,"column":46}},{"start":{"line":50,"column":50},"end":{"line":50,"column":70}}],"line":50}},"s":{"0":1,"1":7,"2":45,"3":9,"4":9,"5":9,"6":9,"7":1,"8":9,"9":9,"10":9,"11":0,"12":0,"13":0,"14":0,"15":0,"16":0,"17":0,"18":1},"f":{"0":7,"1":45,"2":9,"3":9},"b":{"0":[5],"1":[9,0],"2":[9,4],"3":[0,0],"4":[0,0],"5":[0,0],"6":[0,0],"7":[0,0],"8":[0,0],"9":[0,0]},"_coverageSchema":"1a1c01bbd47fc00a2c39e90264f33305004495a9","hash":"440b28c3f9e241982b2f072dff9690e0903dc60c"}
,"/Users/michaelbuckingham/Documents/my-apps/moms-recipes/backend/src/models/recipeModel.js": {"path":"/Users/michaelbuckingham/Documents/my-apps/moms-recipes/backend/src/models/recipeModel.js","statementMap":{"0":{"start":{"line":1,"column":11},"end":{"line":1,"column":40}},"1":{"start":{"line":4,"column":16},"end":{"line":4,"column":89}},"2":{"start":{"line":7,"column":20},"end":{"line":16,"column":1}},"3":{"start":{"line":8,"column":2},"end":{"line":8,"column":50}},"4":{"start":{"line":8,"column":39},"end":{"line":8,"column":50}},"5":{"start":{"line":9,"column":2},"end":{"line":9,"column":54}},"6":{"start":{"line":9,"column":26},"end":{"line":9,"column":54}},"7":{"start":{"line":11,"column":2},"end":{"line":15,"column":9}},"8":{"start":{"line":12,"column":21},"end":{"line":12,"column":82}},"9":{"start":{"line":12,"column":61},"end":{"line":12,"column":81}},"10":{"start":{"line":13,"column":4},"end":{"line":13,"column":29}},"11":{"start":{"line":14,"column":4},"end":{"line":14,"column":15}},"12":{"start":{"line":19,"column":28},"end":{"line":25,"column":1}},"13":{"start":{"line":20,"column":2},"end":{"line":24,"column":3}},"14":{"start":{"line":21,"column":4},"end":{"line":21,"column":30}},"15":{"start":{"line":23,"column":4},"end":{"line":23,"column":35}},"16":{"start":{"line":30,"column":74},"end":{"line":30,"column":84}},"17":{"start":{"line":34,"column":4},"end":{"line":126,"column":5}},"18":{"start":{"line":36,"column":21},"end":{"line":77,"column":8}},"19":{"start":{"line":38,"column":27},"end":{"line":41,"column":10}},"20":{"start":{"line":42,"column":23},"end":{"line":42,"column":83}},"21":{"start":{"line":43,"column":25},"end":{"line":43,"column":47}},"22":{"start":{"line":46,"column":8},"end":{"line":61,"column":9}},"23":{"start":{"line":47,"column":33},"end":{"line":50,"column":12}},"24":{"start":{"line":51,"column":10},"end":{"line":60,"column":11}},"25":{"start":{"line":51,"column":27},"end":{"line":51,"column":28}},"26":{"start":{"line":52,"column":24},"end":{"line":52,"column":42}},"27":{"start":{"line":53,"column":12},"end":{"line":59,"column":14}},"28":{"start":{"line":64,"column":8},"end":{"line":74,"column":9}},"29":{"start":{"line":65,"column":26},"end":{"line":65,"column":83}},"30":{"start":{"line":66,"column":29},"end":{"line":66,"column":79}},"31":{"start":{"line":67,"column":32},"end":{"line":67,"column":105}},"32":{"start":{"line":69,"column":10},"end":{"line":73,"column":11}},"33":{"start":{"line":70,"column":12},"end":{"line":70,"column":39}},"34":{"start":{"line":71,"column":24},"end":{"line":71,"column":53}},"35":{"start":{"line":72,"column":12},"end":{"line":72,"column":54}},"36":{"start":{"line":76,"column":8},"end":{"line":76,"column":24}},"37":{"start":{"line":79,"column":6},"end":{"line":79,"column":32}},"38":{"start":{"line":82,"column":21},"end":{"line":123,"column":8}},"39":{"start":{"line":84,"column":27},"end":{"line":87,"column":10}},"40":{"start":{"line":88,"column":23},"end":{"line":88,"column":77}},"41":{"start":{"line":89,"column":28},"end":{"line":89,"column":50}},"42":{"start":{"line":92,"column":8},"end":{"line":107,"column":9}},"43":{"start":{"line":93,"column":33},"end":{"line":96,"column":12}},"44":{"start":{"line":97,"column":10},"end":{"line":106,"column":11}},"45":{"start":{"line":97,"column":27},"end":{"line":97,"column":28}},"46":{"start":{"line":98,"column":24},"end":{"line":98,"column":42}},"47":{"start":{"line":99,"column":12},"end":{"line":105,"column":14}},"48":{"start":{"line":110,"column":8},"end":{"line":120,"column":9}},"49":{"start":{"line":111,"column":26},"end":{"line":111,"column":84}},"50":{"start":{"line":112,"column":29},"end":{"line":112,"column":77}},"51":{"start":{"line":113,"column":32},"end":{"line":113,"column":103}},"52":{"start":{"line":115,"column":10},"end":{"line":119,"column":11}},"53":{"start":{"line":116,"column":12},"end":{"line":116,"column":33}},"54":{"start":{"line":117,"column":24},"end":{"line":117,"column":47}},"55":{"start":{"line":118,"column":12},"end":{"line":118,"column":51}},"56":{"start":{"line":122,"column":8},"end":{"line":122,"column":27}},"57":{"start":{"line":125,"column":6},"end":{"line":125,"column":26}},"58":{"start":{"line":128,"column":4},"end":{"line":128,"column":34}},"59":{"start":{"line":133,"column":19},"end":{"line":142,"column":14}},"60":{"start":{"line":144,"column":4},"end":{"line":144,"column":29}},"61":{"start":{"line":144,"column":17},"end":{"line":144,"column":29}},"62":{"start":{"line":147,"column":24},"end":{"line":152,"column":14}},"63":{"start":{"line":155,"column":24},"end":{"line":155,"column":43}},"64":{"start":{"line":156,"column":4},"end":{"line":156,"column":65}},"65":{"start":{"line":157,"column":4},"end":{"line":157,"column":59}},"66":{"start":{"line":159,"column":4},"end":{"line":159,"column":23}},"67":{"start":{"line":165,"column":24},"end":{"line":165,"column":57}},"68":{"start":{"line":166,"column":25},"end":{"line":166,"column":44}},"69":{"start":{"line":168,"column":20},"end":{"line":178,"column":37}},"70":{"start":{"line":180,"column":4},"end":{"line":184,"column":7}},"71":{"start":{"line":181,"column":26},"end":{"line":181,"column":45}},"72":{"start":{"line":182,"column":6},"end":{"line":182,"column":67}},"73":{"start":{"line":183,"column":6},"end":{"line":183,"column":25}},"74":{"start":{"line":189,"column":20},"end":{"line":189,"column":41}},"75":{"start":{"line":190,"column":20},"end":{"line":201,"column":26}},"76":{"start":{"line":203,"column":4},"end":{"line":207,"column":7}},"77":{"start":{"line":204,"column":26},"end":{"line":204,"column":45}},"78":{"start":{"line":205,"column":6},"end":{"line":205,"column":67}},"79":{"start":{"line":206,"column":6},"end":{"line":206,"column":25}},"80":{"start":{"line":212,"column":4},"end":{"line":214,"column":5}},"81":{"start":{"line":213,"column":6},"end":{"line":213,"column":16}},"82":{"start":{"line":217,"column":23},"end":{"line":217,"column":77}},"83":{"start":{"line":217,"column":51},"end":{"line":217,"column":76}},"84":{"start":{"line":218,"column":25},"end":{"line":218,"column":60}},"85":{"start":{"line":218,"column":46},"end":{"line":218,"column":49}},"86":{"start":{"line":220,"column":20},"end":{"line":236,"column":44}},"87":{"start":{"line":238,"column":4},"end":{"line":242,"column":7}},"88":{"start":{"line":239,"column":26},"end":{"line":239,"column":45}},"89":{"start":{"line":240,"column":6},"end":{"line":240,"column":67}},"90":{"start":{"line":241,"column":6},"end":{"line":241,"column":25}},"91":{"start":{"line":247,"column":4},"end":{"line":249,"column":5}},"92":{"start":{"line":248,"column":6},"end":{"line":248,"column":16}},"93":{"start":{"line":251,"column":23},"end":{"line":251,"column":70}},"94":{"start":{"line":251,"column":44},"end":{"line":251,"column":69}},"95":{"start":{"line":252,"column":25},"end":{"line":252,"column":60}},"96":{"start":{"line":252,"column":46},"end":{"line":252,"column":49}},"97":{"start":{"line":254,"column":20},"end":{"line":266,"column":25}},"98":{"start":{"line":268,"column":4},"end":{"line":272,"column":7}},"99":{"start":{"line":269,"column":26},"end":{"line":269,"column":45}},"100":{"start":{"line":270,"column":6},"end":{"line":270,"column":67}},"101":{"start":{"line":271,"column":6},"end":{"line":271,"column":25}},"102":{"start":{"line":277,"column":20},"end":{"line":277,"column":32}},"103":{"start":{"line":278,"column":20},"end":{"line":288,"column":26}},"104":{"start":{"line":290,"column":4},"end":{"line":294,"column":7}},"105":{"start":{"line":291,"column":26},"end":{"line":291,"column":45}},"106":{"start":{"line":292,"column":6},"end":{"line":292,"column":67}},"107":{"start":{"line":293,"column":6},"end":{"line":293,"column":25}},"108":{"start":{"line":299,"column":41},"end":{"line":299,"column":48}},"109":{"start":{"line":300,"column":23},"end":{"line":300,"column":25}},"110":{"start":{"line":301,"column":19},"end":{"line":301,"column":21}},"111":{"start":{"line":303,"column":16},"end":{"line":310,"column":5}},"112":{"start":{"line":313,"column":4},"end":{"line":319,"column":5}},"113":{"start":{"line":314,"column":6},"end":{"line":318,"column":9}},"114":{"start":{"line":315,"column":8},"end":{"line":317,"column":10}},"115":{"start":{"line":322,"column":4},"end":{"line":327,"column":5}},"116":{"start":{"line":323,"column":6},"end":{"line":326,"column":8}},"117":{"start":{"line":329,"column":4},"end":{"line":329,"column":27}},"118":{"start":{"line":332,"column":4},"end":{"line":335,"column":5}},"119":{"start":{"line":333,"column":6},"end":{"line":333,"column":54}},"120":{"start":{"line":334,"column":6},"end":{"line":334,"column":39}},"121":{"start":{"line":338,"column":4},"end":{"line":343,"column":5}},"122":{"start":{"line":339,"column":6},"end":{"line":342,"column":9}},"123":{"start":{"line":340,"column":8},"end":{"line":340,"column":69}},"124":{"start":{"line":341,"column":8},"end":{"line":341,"column":46}},"125":{"start":{"line":346,"column":4},"end":{"line":351,"column":5}},"126":{"start":{"line":347,"column":29},"end":{"line":347,"column":70}},"127":{"start":{"line":347,"column":45},"end":{"line":347,"column":69}},"128":{"start":{"line":348,"column":30},"end":{"line":348,"column":69}},"129":{"start":{"line":348,"column":55},"end":{"line":348,"column":58}},"130":{"start":{"line":349,"column":6},"end":{"line":349,"column":69}},"131":{"start":{"line":350,"column":6},"end":{"line":350,"column":37}},"132":{"start":{"line":353,"column":4},"end":{"line":355,"column":5}},"133":{"start":{"line":354,"column":6},"end":{"line":354,"column":50}},"134":{"start":{"line":357,"column":4},"end":{"line":357,"column":57}},"135":{"start":{"line":359,"column":20},"end":{"line":359,"column":58}},"136":{"start":{"line":361,"column":4},"end":{"line":365,"column":7}},"137":{"start":{"line":362,"column":26},"end":{"line":362,"column":45}},"138":{"start":{"line":363,"column":6},"end":{"line":363,"column":67}},"139":{"start":{"line":364,"column":6},"end":{"line":364,"column":25}},"140":{"start":{"line":370,"column":74},"end":{"line":370,"column":84}},"141":{"start":{"line":372,"column":4},"end":{"line":476,"column":5}},"142":{"start":{"line":374,"column":21},"end":{"line":421,"column":8}},"143":{"start":{"line":376,"column":27},"end":{"line":380,"column":10}},"144":{"start":{"line":381,"column":8},"end":{"line":381,"column":73}},"145":{"start":{"line":384,"column":8},"end":{"line":403,"column":9}},"146":{"start":{"line":385,"column":10},"end":{"line":385,"column":84}},"147":{"start":{"line":387,"column":10},"end":{"line":402,"column":11}},"148":{"start":{"line":388,"column":35},"end":{"line":391,"column":14}},"149":{"start":{"line":392,"column":12},"end":{"line":401,"column":13}},"150":{"start":{"line":392,"column":29},"end":{"line":392,"column":30}},"151":{"start":{"line":393,"column":26},"end":{"line":393,"column":44}},"152":{"start":{"line":394,"column":14},"end":{"line":400,"column":16}},"153":{"start":{"line":406,"column":8},"end":{"line":420,"column":9}},"154":{"start":{"line":407,"column":10},"end":{"line":407,"column":84}},"155":{"start":{"line":409,"column":10},"end":{"line":419,"column":11}},"156":{"start":{"line":410,"column":28},"end":{"line":410,"column":85}},"157":{"start":{"line":411,"column":31},"end":{"line":411,"column":81}},"158":{"start":{"line":412,"column":34},"end":{"line":412,"column":107}},"159":{"start":{"line":414,"column":12},"end":{"line":418,"column":13}},"160":{"start":{"line":415,"column":14},"end":{"line":415,"column":41}},"161":{"start":{"line":416,"column":26},"end":{"line":416,"column":55}},"162":{"start":{"line":417,"column":14},"end":{"line":417,"column":50}},"163":{"start":{"line":423,"column":6},"end":{"line":423,"column":21}},"164":{"start":{"line":426,"column":21},"end":{"line":473,"column":8}},"165":{"start":{"line":428,"column":27},"end":{"line":432,"column":10}},"166":{"start":{"line":433,"column":8},"end":{"line":433,"column":67}},"167":{"start":{"line":436,"column":8},"end":{"line":455,"column":9}},"168":{"start":{"line":437,"column":10},"end":{"line":437,"column":76}},"169":{"start":{"line":439,"column":10},"end":{"line":454,"column":11}},"170":{"start":{"line":440,"column":35},"end":{"line":443,"column":14}},"171":{"start":{"line":444,"column":12},"end":{"line":453,"column":13}},"172":{"start":{"line":444,"column":29},"end":{"line":444,"column":30}},"173":{"start":{"line":445,"column":26},"end":{"line":445,"column":44}},"174":{"start":{"line":446,"column":14},"end":{"line":452,"column":16}},"175":{"start":{"line":458,"column":8},"end":{"line":472,"column":9}},"176":{"start":{"line":459,"column":10},"end":{"line":459,"column":76}},"177":{"start":{"line":461,"column":10},"end":{"line":471,"column":11}},"178":{"start":{"line":462,"column":28},"end":{"line":462,"column":86}},"179":{"start":{"line":463,"column":31},"end":{"line":463,"column":79}},"180":{"start":{"line":464,"column":34},"end":{"line":464,"column":105}},"181":{"start":{"line":466,"column":12},"end":{"line":470,"column":13}},"182":{"start":{"line":467,"column":14},"end":{"line":467,"column":35}},"183":{"start":{"line":468,"column":26},"end":{"line":468,"column":49}},"184":{"start":{"line":469,"column":14},"end":{"line":469,"column":44}},"185":{"start":{"line":475,"column":6},"end":{"line":475,"column":15}},"186":{"start":{"line":479,"column":4},"end":{"line":479,"column":37}},"187":{"start":{"line":481,"column":4},"end":{"line":481,"column":28}},"188":{"start":{"line":486,"column":17},"end":{"line":486,"column":63}},"189":{"start":{"line":487,"column":19},"end":{"line":487,"column":37}},"190":{"start":{"line":490,"column":4},"end":{"line":492,"column":5}},"191":{"start":{"line":491,"column":6},"end":{"line":491,"column":39}},"192":{"start":{"line":494,"column":4},"end":{"line":494,"column":30}},"193":{"start":{"line":499,"column":4},"end":{"line":504,"column":13}},"194":{"start":{"line":509,"column":4},"end":{"line":512,"column":13}},"195":{"start":{"line":517,"column":19},"end":{"line":517,"column":82}},"196":{"start":{"line":518,"column":4},"end":{"line":518,"column":24}},"197":{"start":{"line":522,"column":0},"end":{"line":522,"column":29}}},"fnMap":{"0":{"name":"(anonymous_0)","decl":{"start":{"line":7,"column":20},"end":{"line":7,"column":21}},"loc":{"start":{"line":7,"column":29},"end":{"line":16,"column":1}},"line":7},"1":{"name":"(anonymous_1)","decl":{"start":{"line":11,"column":33},"end":{"line":11,"column":34}},"loc":{"start":{"line":11,"column":47},"end":{"line":15,"column":3}},"line":11},"2":{"name":"(anonymous_2)","decl":{"start":{"line":12,"column":46},"end":{"line":12,"column":47}},"loc":{"start":{"line":12,"column":61},"end":{"line":12,"column":81}},"line":12},"3":{"name":"(anonymous_3)","decl":{"start":{"line":19,"column":28},"end":{"line":19,"column":29}},"loc":{"start":{"line":19,"column":34},"end":{"line":25,"column":1}},"line":19},"4":{"name":"(anonymous_4)","decl":{"start":{"line":29,"column":2},"end":{"line":29,"column":3}},"loc":{"start":{"line":29,"column":34},"end":{"line":129,"column":3}},"line":29},"5":{"name":"(anonymous_5)","decl":{"start":{"line":36,"column":36},"end":{"line":36,"column":37}},"loc":{"start":{"line":36,"column":52},"end":{"line":77,"column":7}},"line":36},"6":{"name":"(anonymous_6)","decl":{"start":{"line":82,"column":36},"end":{"line":82,"column":37}},"loc":{"start":{"line":82,"column":42},"end":{"line":123,"column":7}},"line":82},"7":{"name":"(anonymous_7)","decl":{"start":{"line":132,"column":2},"end":{"line":132,"column":3}},"loc":{"start":{"line":132,"column":27},"end":{"line":160,"column":3}},"line":132},"8":{"name":"(anonymous_8)","decl":{"start":{"line":163,"column":2},"end":{"line":163,"column":3}},"loc":{"start":{"line":163,"column":46},"end":{"line":185,"column":3}},"line":163},"9":{"name":"(anonymous_9)","decl":{"start":{"line":180,"column":23},"end":{"line":180,"column":24}},"loc":{"start":{"line":180,"column":33},"end":{"line":184,"column":5}},"line":180},"10":{"name":"(anonymous_10)","decl":{"start":{"line":188,"column":2},"end":{"line":188,"column":3}},"loc":{"start":{"line":188,"column":50},"end":{"line":208,"column":3}},"line":188},"11":{"name":"(anonymous_11)","decl":{"start":{"line":203,"column":23},"end":{"line":203,"column":24}},"loc":{"start":{"line":203,"column":33},"end":{"line":207,"column":5}},"line":203},"12":{"name":"(anonymous_12)","decl":{"start":{"line":211,"column":2},"end":{"line":211,"column":3}},"loc":{"start":{"line":211,"column":52},"end":{"line":243,"column":3}},"line":211},"13":{"name":"(anonymous_13)","decl":{"start":{"line":217,"column":43},"end":{"line":217,"column":44}},"loc":{"start":{"line":217,"column":51},"end":{"line":217,"column":76}},"line":217},"14":{"name":"(anonymous_14)","decl":{"start":{"line":218,"column":40},"end":{"line":218,"column":41}},"loc":{"start":{"line":218,"column":46},"end":{"line":218,"column":49}},"line":218},"15":{"name":"(anonymous_15)","decl":{"start":{"line":238,"column":23},"end":{"line":238,"column":24}},"loc":{"start":{"line":238,"column":33},"end":{"line":242,"column":5}},"line":238},"16":{"name":"(anonymous_16)","decl":{"start":{"line":246,"column":2},"end":{"line":246,"column":3}},"loc":{"start":{"line":246,"column":38},"end":{"line":273,"column":3}},"line":246},"17":{"name":"(anonymous_17)","decl":{"start":{"line":251,"column":36},"end":{"line":251,"column":37}},"loc":{"start":{"line":251,"column":44},"end":{"line":251,"column":69}},"line":251},"18":{"name":"(anonymous_18)","decl":{"start":{"line":252,"column":40},"end":{"line":252,"column":41}},"loc":{"start":{"line":252,"column":46},"end":{"line":252,"column":49}},"line":252},"19":{"name":"(anonymous_19)","decl":{"start":{"line":268,"column":23},"end":{"line":268,"column":24}},"loc":{"start":{"line":268,"column":33},"end":{"line":272,"column":5}},"line":268},"20":{"name":"(anonymous_20)","decl":{"start":{"line":276,"column":2},"end":{"line":276,"column":3}},"loc":{"start":{"line":276,"column":36},"end":{"line":295,"column":3}},"line":276},"21":{"name":"(anonymous_21)","decl":{"start":{"line":290,"column":23},"end":{"line":290,"column":24}},"loc":{"start":{"line":290,"column":33},"end":{"line":294,"column":5}},"line":290},"22":{"name":"(anonymous_22)","decl":{"start":{"line":298,"column":2},"end":{"line":298,"column":3}},"loc":{"start":{"line":298,"column":39},"end":{"line":366,"column":3}},"line":298},"23":{"name":"(anonymous_23)","decl":{"start":{"line":314,"column":26},"end":{"line":314,"column":27}},"loc":{"start":{"line":314,"column":40},"end":{"line":318,"column":7}},"line":314},"24":{"name":"(anonymous_24)","decl":{"start":{"line":339,"column":26},"end":{"line":339,"column":27}},"loc":{"start":{"line":339,"column":49},"end":{"line":342,"column":7}},"line":339},"25":{"name":"(anonymous_25)","decl":{"start":{"line":347,"column":38},"end":{"line":347,"column":39}},"loc":{"start":{"line":347,"column":45},"end":{"line":347,"column":69}},"line":347},"26":{"name":"(anonymous_26)","decl":{"start":{"line":348,"column":49},"end":{"line":348,"column":50}},"loc":{"start":{"line":348,"column":55},"end":{"line":348,"column":58}},"line":348},"27":{"name":"(anonymous_27)","decl":{"start":{"line":361,"column":23},"end":{"line":361,"column":24}},"loc":{"start":{"line":361,"column":33},"end":{"line":365,"column":5}},"line":361},"28":{"name":"(anonymous_28)","decl":{"start":{"line":369,"column":2},"end":{"line":369,"column":3}},"loc":{"start":{"line":369,"column":38},"end":{"line":482,"column":3}},"line":369},"29":{"name":"(anonymous_29)","decl":{"start":{"line":374,"column":36},"end":{"line":374,"column":37}},"loc":{"start":{"line":374,"column":52},"end":{"line":421,"column":7}},"line":374},"30":{"name":"(anonymous_30)","decl":{"start":{"line":426,"column":36},"end":{"line":426,"column":37}},"loc":{"start":{"line":426,"column":42},"end":{"line":473,"column":7}},"line":426},"31":{"name":"(anonymous_31)","decl":{"start":{"line":485,"column":2},"end":{"line":485,"column":3}},"loc":{"start":{"line":485,"column":26},"end":{"line":495,"column":3}},"line":485},"32":{"name":"(anonymous_32)","decl":{"start":{"line":498,"column":2},"end":{"line":498,"column":3}},"loc":{"start":{"line":498,"column":28},"end":{"line":505,"column":3}},"line":498},"33":{"name":"(anonymous_33)","decl":{"start":{"line":508,"column":2},"end":{"line":508,"column":3}},"loc":{"start":{"line":508,"column":37},"end":{"line":513,"column":3}},"line":508},"34":{"name":"(anonymous_34)","decl":{"start":{"line":516,"column":2},"end":{"line":516,"column":3}},"loc":{"start":{"line":516,"column":26},"end":{"line":519,"column":3}},"line":516}},"branchMap":{"0":{"loc":{"start":{"line":4,"column":16},"end":{"line":4,"column":89}},"type":"binary-expr","locations":[{"start":{"line":4,"column":16},"end":{"line":4,"column":53}},{"start":{"line":4,"column":57},"end":{"line":4,"column":89}}],"line":4},"1":{"loc":{"start":{"line":8,"column":2},"end":{"line":8,"column":50}},"type":"if","locations":[{"start":{"line":8,"column":2},"end":{"line":8,"column":50}},{"start":{},"end":{}}],"line":8},"2":{"loc":{"start":{"line":8,"column":6},"end":{"line":8,"column":37}},"type":"binary-expr","locations":[{"start":{"line":8,"column":6},"end":{"line":8,"column":10}},{"start":{"line":8,"column":14},"end":{"line":8,"column":37}}],"line":8},"3":{"loc":{"start":{"line":9,"column":2},"end":{"line":9,"column":54}},"type":"if","locations":[{"start":{"line":9,"column":2},"end":{"line":9,"column":54}},{"start":{},"end":{}}],"line":9},"4":{"loc":{"start":{"line":20,"column":2},"end":{"line":24,"column":3}},"type":"if","locations":[{"start":{"line":20,"column":2},"end":{"line":24,"column":3}},{"start":{"line":22,"column":9},"end":{"line":24,"column":3}}],"line":20},"5":{"loc":{"start":{"line":34,"column":4},"end":{"line":126,"column":5}},"type":"if","locations":[{"start":{"line":34,"column":4},"end":{"line":126,"column":5}},{"start":{"line":80,"column":11},"end":{"line":126,"column":5}}],"line":34},"6":{"loc":{"start":{"line":46,"column":8},"end":{"line":61,"column":9}},"type":"if","locations":[{"start":{"line":46,"column":8},"end":{"line":61,"column":9}},{"start":{},"end":{}}],"line":46},"7":{"loc":{"start":{"line":46,"column":12},"end":{"line":46,"column":49}},"type":"binary-expr","locations":[{"start":{"line":46,"column":12},"end":{"line":46,"column":23}},{"start":{"line":46,"column":27},"end":{"line":46,"column":49}}],"line":46},"8":{"loc":{"start":{"line":56,"column":14},"end":{"line":56,"column":34}},"type":"binary-expr","locations":[{"start":{"line":56,"column":14},"end":{"line":56,"column":26}},{"start":{"line":56,"column":30},"end":{"line":56,"column":34}}],"line":56},"9":{"loc":{"start":{"line":57,"column":14},"end":{"line":57,"column":30}},"type":"binary-expr","locations":[{"start":{"line":57,"column":14},"end":{"line":57,"column":22}},{"start":{"line":57,"column":26},"end":{"line":57,"column":30}}],"line":57},"10":{"loc":{"start":{"line":64,"column":8},"end":{"line":74,"column":9}},"type":"if","locations":[{"start":{"line":64,"column":8},"end":{"line":74,"column":9}},{"start":{},"end":{}}],"line":64},"11":{"loc":{"start":{"line":64,"column":12},"end":{"line":64,"column":35}},"type":"binary-expr","locations":[{"start":{"line":64,"column":12},"end":{"line":64,"column":16}},{"start":{"line":64,"column":20},"end":{"line":64,"column":35}}],"line":64},"12":{"loc":{"start":{"line":92,"column":8},"end":{"line":107,"column":9}},"type":"if","locations":[{"start":{"line":92,"column":8},"end":{"line":107,"column":9}},{"start":{},"end":{}}],"line":92},"13":{"loc":{"start":{"line":92,"column":12},"end":{"line":92,"column":49}},"type":"binary-expr","locations":[{"start":{"line":92,"column":12},"end":{"line":92,"column":23}},{"start":{"line":92,"column":27},"end":{"line":92,"column":49}}],"line":92},"14":{"loc":{"start":{"line":102,"column":14},"end":{"line":102,"column":34}},"type":"binary-expr","locations":[{"start":{"line":102,"column":14},"end":{"line":102,"column":26}},{"start":{"line":102,"column":30},"end":{"line":102,"column":34}}],"line":102},"15":{"loc":{"start":{"line":103,"column":14},"end":{"line":103,"column":30}},"type":"binary-expr","locations":[{"start":{"line":103,"column":14},"end":{"line":103,"column":22}},{"start":{"line":103,"column":26},"end":{"line":103,"column":30}}],"line":103},"16":{"loc":{"start":{"line":110,"column":8},"end":{"line":120,"column":9}},"type":"if","locations":[{"start":{"line":110,"column":8},"end":{"line":120,"column":9}},{"start":{},"end":{}}],"line":110},"17":{"loc":{"start":{"line":110,"column":12},"end":{"line":110,"column":35}},"type":"binary-expr","locations":[{"start":{"line":110,"column":12},"end":{"line":110,"column":16}},{"start":{"line":110,"column":20},"end":{"line":110,"column":35}}],"line":110},"18":{"loc":{"start":{"line":144,"column":4},"end":{"line":144,"column":29}},"type":"if","locations":[{"start":{"line":144,"column":4},"end":{"line":144,"column":29}},{"start":{},"end":{}}],"line":144},"19":{"loc":{"start":{"line":156,"column":23},"end":{"line":156,"column":64}},"type":"cond-expr","locations":[{"start":{"line":156,"column":37},"end":{"line":156,"column":59}},{"start":{"line":156,"column":62},"end":{"line":156,"column":64}}],"line":156},"20":{"loc":{"start":{"line":163,"column":22},"end":{"line":163,"column":32}},"type":"default-arg","locations":[{"start":{"line":163,"column":30},"end":{"line":163,"column":32}}],"line":163},"21":{"loc":{"start":{"line":163,"column":34},"end":{"line":163,"column":44}},"type":"default-arg","locations":[{"start":{"line":163,"column":43},"end":{"line":163,"column":44}}],"line":163},"22":{"loc":{"start":{"line":182,"column":25},"end":{"line":182,"column":66}},"type":"cond-expr","locations":[{"start":{"line":182,"column":39},"end":{"line":182,"column":61}},{"start":{"line":182,"column":64},"end":{"line":182,"column":66}}],"line":182},"23":{"loc":{"start":{"line":205,"column":25},"end":{"line":205,"column":66}},"type":"cond-expr","locations":[{"start":{"line":205,"column":39},"end":{"line":205,"column":61}},{"start":{"line":205,"column":64},"end":{"line":205,"column":66}}],"line":205},"24":{"loc":{"start":{"line":212,"column":4},"end":{"line":214,"column":5}},"type":"if","locations":[{"start":{"line":212,"column":4},"end":{"line":214,"column":5}},{"start":{},"end":{}}],"line":212},"25":{"loc":{"start":{"line":212,"column":8},"end":{"line":212,"column":56}},"type":"binary-expr","locations":[{"start":{"line":212,"column":8},"end":{"line":212,"column":24}},{"start":{"line":212,"column":28},"end":{"line":212,"column":56}}],"line":212},"26":{"loc":{"start":{"line":240,"column":25},"end":{"line":240,"column":66}},"type":"cond-expr","locations":[{"start":{"line":240,"column":39},"end":{"line":240,"column":61}},{"start":{"line":240,"column":64},"end":{"line":240,"column":66}}],"line":240},"27":{"loc":{"start":{"line":247,"column":4},"end":{"line":249,"column":5}},"type":"if","locations":[{"start":{"line":247,"column":4},"end":{"line":249,"column":5}},{"start":{},"end":{}}],"line":247},"28":{"loc":{"start":{"line":247,"column":8},"end":{"line":247,"column":42}},"type":"binary-expr","locations":[{"start":{"line":247,"column":8},"end":{"line":247,"column":17}},{"start":{"line":247,"column":21},"end":{"line":247,"column":42}}],"line":247},"29":{"loc":{"start":{"line":270,"column":25},"end":{"line":270,"column":66}},"type":"cond-expr","locations":[{"start":{"line":270,"column":39},"end":{"line":270,"column":61}},{"start":{"line":270,"column":64},"end":{"line":270,"column":66}}],"line":270},"30":{"loc":{"start":{"line":292,"column":25},"end":{"line":292,"column":66}},"type":"cond-expr","locations":[{"start":{"line":292,"column":39},"end":{"line":292,"column":61}},{"start":{"line":292,"column":64},"end":{"line":292,"column":66}}],"line":292},"31":{"loc":{"start":{"line":313,"column":4},"end":{"line":319,"column":5}},"type":"if","locations":[{"start":{"line":313,"column":4},"end":{"line":319,"column":5}},{"start":{},"end":{}}],"line":313},"32":{"loc":{"start":{"line":313,"column":8},"end":{"line":313,"column":45}},"type":"binary-expr","locations":[{"start":{"line":313,"column":8},"end":{"line":313,"column":19}},{"start":{"line":313,"column":23},"end":{"line":313,"column":45}}],"line":313},"33":{"loc":{"start":{"line":322,"column":4},"end":{"line":327,"column":5}},"type":"if","locations":[{"start":{"line":322,"column":4},"end":{"line":327,"column":5}},{"start":{},"end":{}}],"line":322},"34":{"loc":{"start":{"line":322,"column":8},"end":{"line":322,"column":31}},"type":"binary-expr","locations":[{"start":{"line":322,"column":8},"end":{"line":322,"column":12}},{"start":{"line":322,"column":16},"end":{"line":322,"column":31}}],"line":322},"35":{"loc":{"start":{"line":332,"column":4},"end":{"line":335,"column":5}},"type":"if","locations":[{"start":{"line":332,"column":4},"end":{"line":335,"column":5}},{"start":{},"end":{}}],"line":332},"36":{"loc":{"start":{"line":338,"column":4},"end":{"line":343,"column":5}},"type":"if","locations":[{"start":{"line":338,"column":4},"end":{"line":343,"column":5}},{"start":{},"end":{}}],"line":338},"37":{"loc":{"start":{"line":338,"column":8},"end":{"line":338,"column":45}},"type":"binary-expr","locations":[{"start":{"line":338,"column":8},"end":{"line":338,"column":19}},{"start":{"line":338,"column":23},"end":{"line":338,"column":45}}],"line":338},"38":{"loc":{"start":{"line":346,"column":4},"end":{"line":351,"column":5}},"type":"if","locations":[{"start":{"line":346,"column":4},"end":{"line":351,"column":5}},{"start":{},"end":{}}],"line":346},"39":{"loc":{"start":{"line":346,"column":8},"end":{"line":346,"column":31}},"type":"binary-expr","locations":[{"start":{"line":346,"column":8},"end":{"line":346,"column":12}},{"start":{"line":346,"column":16},"end":{"line":346,"column":31}}],"line":346},"40":{"loc":{"start":{"line":353,"column":4},"end":{"line":355,"column":5}},"type":"if","locations":[{"start":{"line":353,"column":4},"end":{"line":355,"column":5}},{"start":{},"end":{}}],"line":353},"41":{"loc":{"start":{"line":363,"column":25},"end":{"line":363,"column":66}},"type":"cond-expr","locations":[{"start":{"line":363,"column":39},"end":{"line":363,"column":61}},{"start":{"line":363,"column":64},"end":{"line":363,"column":66}}],"line":363},"42":{"loc":{"start":{"line":372,"column":4},"end":{"line":476,"column":5}},"type":"if","locations":[{"start":{"line":372,"column":4},"end":{"line":476,"column":5}},{"start":{"line":424,"column":11},"end":{"line":476,"column":5}}],"line":372},"43":{"loc":{"start":{"line":384,"column":8},"end":{"line":403,"column":9}},"type":"if","locations":[{"start":{"line":384,"column":8},"end":{"line":403,"column":9}},{"start":{},"end":{}}],"line":384},"44":{"loc":{"start":{"line":387,"column":10},"end":{"line":402,"column":11}},"type":"if","locations":[{"start":{"line":387,"column":10},"end":{"line":402,"column":11}},{"start":{},"end":{}}],"line":387},"45":{"loc":{"start":{"line":397,"column":16},"end":{"line":397,"column":36}},"type":"binary-expr","locations":[{"start":{"line":397,"column":16},"end":{"line":397,"column":28}},{"start":{"line":397,"column":32},"end":{"line":397,"column":36}}],"line":397},"46":{"loc":{"start":{"line":398,"column":16},"end":{"line":398,"column":32}},"type":"binary-expr","locations":[{"start":{"line":398,"column":16},"end":{"line":398,"column":24}},{"start":{"line":398,"column":28},"end":{"line":398,"column":32}}],"line":398},"47":{"loc":{"start":{"line":406,"column":8},"end":{"line":420,"column":9}},"type":"if","locations":[{"start":{"line":406,"column":8},"end":{"line":420,"column":9}},{"start":{},"end":{}}],"line":406},"48":{"loc":{"start":{"line":409,"column":10},"end":{"line":419,"column":11}},"type":"if","locations":[{"start":{"line":409,"column":10},"end":{"line":419,"column":11}},{"start":{},"end":{}}],"line":409},"49":{"loc":{"start":{"line":436,"column":8},"end":{"line":455,"column":9}},"type":"if","locations":[{"start":{"line":436,"column":8},"end":{"line":455,"column":9}},{"start":{},"end":{}}],"line":436},"50":{"loc":{"start":{"line":439,"column":10},"end":{"line":454,"column":11}},"type":"if","locations":[{"start":{"line":439,"column":10},"end":{"line":454,"column":11}},{"start":{},"end":{}}],"line":439},"51":{"loc":{"start":{"line":449,"column":16},"end":{"line":449,"column":36}},"type":"binary-expr","locations":[{"start":{"line":449,"column":16},"end":{"line":449,"column":28}},{"start":{"line":449,"column":32},"end":{"line":449,"column":36}}],"line":449},"52":{"loc":{"start":{"line":450,"column":16},"end":{"line":450,"column":32}},"type":"binary-expr","locations":[{"start":{"line":450,"column":16},"end":{"line":450,"column":24}},{"start":{"line":450,"column":28},"end":{"line":450,"column":32}}],"line":450},"53":{"loc":{"start":{"line":458,"column":8},"end":{"line":472,"column":9}},"type":"if","locations":[{"start":{"line":458,"column":8},"end":{"line":472,"column":9}},{"start":{},"end":{}}],"line":458},"54":{"loc":{"start":{"line":461,"column":10},"end":{"line":471,"column":11}},"type":"if","locations":[{"start":{"line":461,"column":10},"end":{"line":471,"column":11}},{"start":{},"end":{}}],"line":461},"55":{"loc":{"start":{"line":490,"column":4},"end":{"line":492,"column":5}},"type":"if","locations":[{"start":{"line":490,"column":4},"end":{"line":492,"column":5}},{"start":{},"end":{}}],"line":490}},"s":{"0":1,"1":1,"2":1,"3":118,"4":0,"5":118,"6":0,"7":118,"8":645,"9":142,"10":645,"11":645,"12":1,"13":0,"14":0,"15":0,"16":25,"17":25,"18":0,"19":0,"20":0,"21":0,"22":0,"23":0,"24":0,"25":0,"26":0,"27":0,"28":0,"29":0,"30":0,"31":0,"32":0,"33":0,"34":0,"35":0,"36":0,"37":0,"38":25,"39":25,"40":25,"41":25,"42":25,"43":24,"44":24,"45":24,"46":60,"47":60,"48":25,"49":24,"50":24,"51":24,"52":24,"53":59,"54":59,"55":59,"56":25,"57":25,"58":25,"59":34,"60":34,"61":3,"62":31,"63":31,"64":31,"65":31,"66":31,"67":2,"68":2,"69":2,"70":2,"71":4,"72":4,"73":4,"74":1,"75":1,"76":1,"77":2,"78":2,"79":2,"80":0,"81":0,"82":0,"83":0,"84":0,"85":0,"86":0,"87":0,"88":0,"89":0,"90":0,"91":0,"92":0,"93":0,"94":0,"95":0,"96":0,"97":0,"98":0,"99":0,"100":0,"101":0,"102":1,"103":1,"104":1,"105":1,"106":1,"107":1,"108":2,"109":2,"110":2,"111":2,"112":2,"113":1,"114":2,"115":2,"116":1,"117":2,"118":2,"119":0,"120":0,"121":2,"122":1,"123":2,"124":2,"125":2,"126":1,"127":1,"128":1,"129":1,"130":1,"131":1,"132":2,"133":2,"134":2,"135":2,"136":2,"137":2,"138":2,"139":2,"140":2,"141":2,"142":0,"143":0,"144":0,"145":0,"146":0,"147":0,"148":0,"149":0,"150":0,"151":0,"152":0,"153":0,"154":0,"155":0,"156":0,"157":0,"158":0,"159":0,"160":0,"161":0,"162":0,"163":0,"164":2,"165":2,"166":2,"167":2,"168":0,"169":0,"170":0,"171":0,"172":0,"173":0,"174":0,"175":2,"176":2,"177":2,"178":2,"179":2,"180":2,"181":2,"182":4,"183":4,"184":4,"185":2,"186":2,"187":2,"188":2,"189":2,"190":2,"191":1,"192":2,"193":1,"194":3,"195":2,"196":2,"197":1},"f":{"0":118,"1":645,"2":142,"3":0,"4":25,"5":0,"6":25,"7":34,"8":2,"9":4,"10":1,"11":2,"12":0,"13":0,"14":0,"15":0,"16":0,"17":0,"18":0,"19":0,"20":1,"21":1,"22":2,"23":2,"24":2,"25":1,"26":1,"27":2,"28":2,"29":0,"30":2,"31":2,"32":1,"33":3,"34":2},"b":{"0":[1,1],"1":[0,118],"2":[118,118],"3":[0,118],"4":[0,0],"5":[0,25],"6":[0,0],"7":[0,0],"8":[0,0],"9":[0,0],"10":[0,0],"11":[0,0],"12":[24,1],"13":[25,25],"14":[60,0],"15":[60,0],"16":[24,1],"17":[25,25],"18":[3,31],"19":[30,1],"20":[0],"21":[0],"22":[4,0],"23":[2,0],"24":[0,0],"25":[0,0],"26":[0,0],"27":[0,0],"28":[0,0],"29":[0,0],"30":[1,0],"31":[1,1],"32":[2,1],"33":[1,1],"34":[2,1],"35":[0,2],"36":[1,1],"37":[2,1],"38":[1,1],"39":[2,1],"40":[2,0],"41":[2,0],"42":[0,2],"43":[0,0],"44":[0,0],"45":[0,0],"46":[0,0],"47":[0,0],"48":[0,0],"49":[0,2],"50":[0,0],"51":[0,0],"52":[0,0],"53":[2,0],"54":[2,0],"55":[1,1]},"_coverageSchema":"1a1c01bbd47fc00a2c39e90264f33305004495a9","hash":"25d74bc282b2f104ba2091c53812ffb31ae65fdf"}
,"/Users/michaelbuckingham/Documents/my-apps/moms-recipes/backend/src/routes/recipeRoutes.js": {"path":"/Users/michaelbuckingham/Documents/my-apps/moms-recipes/backend/src/routes/recipeRoutes.js","statementMap":{"0":{"start":{"line":1,"column":16},"end":{"line":1,"column":34}},"1":{"start":{"line":2,"column":25},"end":{"line":2,"column":67}},"2":{"start":{"line":4,"column":15},"end":{"line":4,"column":31}},"3":{"start":{"line":7,"column":0},"end":{"line":7,"column":55}},"4":{"start":{"line":8,"column":0},"end":{"line":8,"column":55}},"5":{"start":{"line":9,"column":0},"end":{"line":9,"column":62}},"6":{"start":{"line":10,"column":0},"end":{"line":10,"column":59}},"7":{"start":{"line":11,"column":0},"end":{"line":11,"column":58}},"8":{"start":{"line":12,"column":0},"end":{"line":12,"column":61}},"9":{"start":{"line":15,"column":0},"end":{"line":15,"column":49}},"10":{"start":{"line":17,"column":0},"end":{"line":17,"column":24}}},"fnMap":{},"branchMap":{},"s":{"0":1,"1":1,"2":1,"3":1,"4":1,"5":1,"6":1,"7":1,"8":1,"9":1,"10":1},"f":{},"b":{},"_coverageSchema":"1a1c01bbd47fc00a2c39e90264f33305004495a9","hash":"3f927fa4eff93860d75ce1d9d47f4ef86f2d680a"}
}
