TN:
SF:backend/src/server.js
FN:36,(anonymous_0)
FN:41,(anonymous_1)
FN:55,(anonymous_2)
FN:56,(anonymous_3)
FN:61,(anonymous_4)
FNF:5
FNH:2
FNDA:1,(anonymous_0)
FNDA:2,(anonymous_1)
FNDA:0,(anonymous_2)
FNDA:0,(anonymous_3)
FNDA:0,(anonymous_4)
DA:1,1
DA:2,1
DA:3,1
DA:4,1
DA:5,1
DA:6,1
DA:8,1
DA:9,1
DA:12,1
DA:13,0
DA:14,0
DA:15,0
DA:19,1
DA:25,1
DA:26,1
DA:27,1
DA:30,1
DA:33,1
DA:36,1
DA:37,1
DA:41,1
DA:42,2
DA:46,1
DA:49,1
DA:51,0
DA:52,0
DA:54,0
DA:56,0
DA:57,0
DA:58,0
DA:62,0
DA:63,0
DA:67,1
LF:33
LH:22
BRDA:9,0,0,1
BRDA:9,0,1,0
BRDA:12,1,0,0
BRDA:12,1,1,1
BRDA:12,2,0,1
BRDA:12,2,1,0
BRDA:20,3,0,0
BRDA:20,3,1,1
BRDA:49,4,0,0
BRDA:49,4,1,1
BRDA:52,5,0,0
BRDA:52,5,1,0
BRF:12
BRH:5
end_of_record
TN:
SF:backend/src/config/database.js
FN:17,(anonymous_0)
FN:37,(anonymous_1)
FN:98,(anonymous_2)
FN:105,(anonymous_3)
FNF:4
FNH:4
FNDA:1,(anonymous_0)
FNDA:1,(anonymous_1)
FNDA:26,(anonymous_2)
FNDA:1,(anonymous_3)
DA:2,1
DA:4,1
DA:6,0
DA:7,0
DA:8,0
DA:11,1
DA:12,1
DA:13,1
DA:14,1
DA:17,1
DA:18,1
DA:19,1
DA:23,0
DA:24,0
DA:25,0
DA:27,0
DA:30,1
DA:31,1
DA:34,1
DA:37,1
DA:39,1
DA:53,1
DA:66,1
DA:75,1
DA:86,1
DA:94,1
DA:98,1
DA:99,26
DA:100,26
DA:101,26
DA:102,26
DA:105,1
DA:106,1
DA:110,1
DA:112,1
DA:113,1
DA:114,1
DA:115,1
LF:38
LH:31
BRDA:2,0,0,1
BRDA:2,0,1,1
BRDA:4,1,0,0
BRDA:4,1,1,1
BRDA:18,2,0,1
BRDA:18,2,1,0
BRDA:24,3,0,0
BRDA:24,3,1,0
BRF:8
BRH:4
end_of_record
TN:
SF:backend/src/controllers/recipeController.js
FN:5,(anonymous_0)
FN:10,(anonymous_1)
FN:11,(anonymous_2)
FN:18,(anonymous_3)
FN:21,(anonymous_4)
FN:29,(anonymous_5)
FN:84,(anonymous_6)
FN:128,(anonymous_7)
FN:147,(anonymous_8)
FN:171,(anonymous_9)
FN:193,(anonymous_10)
FN:205,(anonymous_11)
FN:227,(anonymous_12)
FN:233,(anonymous_13)
FN:257,(anonymous_14)
FN:288,(anonymous_15)
FN:300,(anonymous_16)
FN:302,(anonymous_17)
FNF:18
FNH:18
FNDA:27,(anonymous_0)
FNDA:67,(anonymous_1)
FNDA:67,(anonymous_2)
FNDA:25,(anonymous_3)
FNDA:60,(anonymous_4)
FNDA:31,(anonymous_5)
FNDA:62,(anonymous_6)
FNDA:69,(anonymous_7)
FNDA:28,(anonymous_8)
FNDA:2,(anonymous_9)
FNDA:3,(anonymous_10)
FNDA:5,(anonymous_11)
FNDA:2,(anonymous_12)
FNDA:1,(anonymous_13)
FNDA:4,(anonymous_14)
FNDA:2,(anonymous_15)
FNDA:1,(anonymous_16)
FNDA:4,(anonymous_17)
DA:1,1
DA:2,1
DA:5,1
DA:6,27
DA:9,27
DA:10,67
DA:11,67
DA:14,27
DA:18,1
DA:19,25
DA:21,60
DA:29,1
DA:30,31
DA:33,31
DA:34,28
DA:35,1
DA:37,3
DA:38,1
DA:39,0
DA:43,31
DA:44,0
DA:48,31
DA:49,24
DA:50,0
DA:51,24
DA:52,0
DA:57,31
DA:58,23
DA:59,0
DA:60,23
DA:61,0
DA:66,31
DA:67,23
DA:68,0
DA:69,23
DA:70,0
DA:75,31
DA:76,27
DA:77,0
DA:79,27
DA:80,0
DA:84,27
DA:85,62
DA:86,0
DA:87,0
DA:91,62
DA:92,2
DA:93,60
DA:94,0
DA:98,62
DA:99,62
DA:100,0
DA:101,62
DA:102,0
DA:107,62
DA:108,61
DA:109,0
DA:110,61
DA:111,0
DA:119,31
DA:120,27
DA:121,0
DA:123,27
DA:124,0
DA:128,27
DA:129,69
DA:130,1
DA:131,68
DA:132,0
DA:133,68
DA:134,0
DA:135,68
DA:136,0
DA:142,31
DA:147,1
DA:148,28
DA:150,28
DA:151,28
DA:152,3
DA:155,25
DA:164,25
DA:171,1
DA:172,2
DA:173,2
DA:176,2
DA:177,2
DA:179,2
DA:180,2
DA:182,2
DA:193,1
DA:194,3
DA:195,3
DA:197,3
DA:198,2
DA:201,1
DA:205,1
DA:206,5
DA:209,5
DA:210,1
DA:214,4
DA:216,4
DA:217,1
DA:221,4
DA:222,2
DA:223,2
DA:224,1
DA:226,2
DA:227,2
DA:229,2
DA:232,4
DA:233,1
DA:238,4
DA:240,4
DA:241,2
DA:242,2
DA:243,1
DA:244,1
DA:245,1
DA:247,0
DA:250,4
DA:257,1
DA:258,4
DA:259,4
DA:261,4
DA:262,4
DA:263,1
DA:267,3
DA:268,3
DA:269,1
DA:272,2
DA:281,2
DA:288,1
DA:289,2
DA:290,2
DA:292,2
DA:293,1
DA:296,1
DA:300,1
DA:301,1
DA:302,4
DA:306,1
LF:141
LH:118
BRDA:6,0,0,0
BRDA:6,0,1,27
BRDA:10,1,0,67
BRDA:10,1,1,0
BRDA:19,2,0,0
BRDA:19,2,1,25
BRDA:22,3,0,60
BRDA:22,3,1,0
BRDA:23,4,0,60
BRDA:23,4,1,0
BRDA:24,5,0,60
BRDA:24,5,1,0
BRDA:29,6,0,28
BRDA:33,7,0,28
BRDA:33,7,1,3
BRDA:34,8,0,1
BRDA:34,8,1,27
BRDA:34,9,0,28
BRDA:34,9,1,27
BRDA:34,9,2,27
BRDA:37,10,0,1
BRDA:37,10,1,2
BRDA:38,11,0,0
BRDA:38,11,1,1
BRDA:38,12,0,1
BRDA:38,12,1,1
BRDA:43,13,0,0
BRDA:43,13,1,31
BRDA:43,14,0,31
BRDA:43,14,1,28
BRDA:48,15,0,24
BRDA:48,15,1,7
BRDA:48,16,0,31
BRDA:48,16,1,24
BRDA:49,17,0,0
BRDA:49,17,1,24
BRDA:51,18,0,0
BRDA:51,18,1,24
BRDA:57,19,0,23
BRDA:57,19,1,8
BRDA:57,20,0,31
BRDA:57,20,1,23
BRDA:58,21,0,0
BRDA:58,21,1,23
BRDA:60,22,0,0
BRDA:60,22,1,23
BRDA:66,23,0,23
BRDA:66,23,1,8
BRDA:66,24,0,31
BRDA:66,24,1,23
BRDA:67,25,0,0
BRDA:67,25,1,23
BRDA:69,26,0,0
BRDA:69,26,1,23
BRDA:75,27,0,27
BRDA:75,27,1,4
BRDA:76,28,0,0
BRDA:76,28,1,27
BRDA:79,29,0,0
BRDA:79,29,1,27
BRDA:85,30,0,0
BRDA:85,30,1,62
BRDA:85,31,0,62
BRDA:85,31,1,62
BRDA:85,31,2,62
BRDA:91,32,0,2
BRDA:91,32,1,60
BRDA:91,33,0,62
BRDA:91,33,1,60
BRDA:91,33,2,60
BRDA:93,34,0,0
BRDA:93,34,1,60
BRDA:98,35,0,62
BRDA:98,35,1,0
BRDA:98,36,0,62
BRDA:98,36,1,62
BRDA:99,37,0,0
BRDA:99,37,1,62
BRDA:101,38,0,0
BRDA:101,38,1,62
BRDA:107,39,0,61
BRDA:107,39,1,1
BRDA:107,40,0,62
BRDA:107,40,1,61
BRDA:108,41,0,0
BRDA:108,41,1,61
BRDA:110,42,0,0
BRDA:110,42,1,61
BRDA:119,43,0,27
BRDA:119,43,1,4
BRDA:120,44,0,0
BRDA:120,44,1,27
BRDA:123,45,0,0
BRDA:123,45,1,27
BRDA:129,46,0,1
BRDA:129,46,1,68
BRDA:131,47,0,0
BRDA:131,47,1,68
BRDA:133,48,0,0
BRDA:133,48,1,68
BRDA:135,49,0,0
BRDA:135,49,1,68
BRDA:151,50,0,3
BRDA:151,50,1,25
BRDA:157,51,0,23
BRDA:157,51,1,2
BRDA:158,52,0,23
BRDA:158,52,1,2
BRDA:159,53,0,23
BRDA:159,53,1,2
BRDA:160,54,0,25
BRDA:160,54,1,1
BRDA:161,55,0,25
BRDA:161,55,1,1
BRDA:172,56,0,2
BRDA:172,56,1,1
BRDA:173,57,0,2
BRDA:173,57,1,2
BRDA:176,58,0,0
BRDA:176,58,1,2
BRDA:176,59,0,2
BRDA:176,59,1,2
BRDA:177,60,0,0
BRDA:177,60,1,2
BRDA:177,61,0,2
BRDA:177,61,1,2
BRDA:197,62,0,2
BRDA:197,62,1,1
BRDA:209,63,0,1
BRDA:209,63,1,4
BRDA:209,64,0,5
BRDA:209,64,1,4
BRDA:209,64,2,3
BRDA:209,64,3,2
BRDA:216,65,0,1
BRDA:216,65,1,3
BRDA:221,66,0,2
BRDA:221,66,1,2
BRDA:221,67,0,4
BRDA:221,67,1,3
BRDA:223,68,0,1
BRDA:223,68,1,1
BRDA:226,69,0,1
BRDA:226,69,1,1
BRDA:232,70,0,1
BRDA:232,70,1,3
BRDA:240,71,0,2
BRDA:240,71,1,2
BRDA:240,72,0,4
BRDA:240,72,1,4
BRDA:240,72,2,2
BRDA:240,72,3,3
BRDA:242,73,0,1
BRDA:242,73,1,1
BRDA:244,74,0,1
BRDA:244,74,1,0
BRDA:244,75,0,1
BRDA:244,75,1,1
BRDA:262,76,0,1
BRDA:262,76,1,3
BRDA:268,77,0,1
BRDA:268,77,1,2
BRDA:273,78,0,1
BRDA:273,78,1,1
BRDA:274,79,0,0
BRDA:274,79,1,2
BRDA:274,80,0,0
BRDA:274,80,1,0
BRDA:275,81,0,0
BRDA:275,81,1,2
BRDA:275,82,0,0
BRDA:275,82,1,0
BRDA:276,83,0,0
BRDA:276,83,1,2
BRDA:276,84,0,0
BRDA:276,84,1,0
BRDA:277,85,0,0
BRDA:277,85,1,2
BRDA:278,86,0,2
BRDA:278,86,1,0
BRDA:292,87,0,1
BRDA:292,87,1,1
BRF:182
BRH:140
end_of_record
TN:
SF:backend/src/middleware/errorHandler.js
FN:2,(anonymous_0)
FN:2,(anonymous_1)
FN:8,(anonymous_2)
FN:17,(anonymous_3)
FNF:4
FNH:4
FNDA:7,(anonymous_0)
FNDA:45,(anonymous_1)
FNDA:9,(anonymous_2)
FNDA:9,(anonymous_3)
DA:2,7
DA:3,45
DA:9,9
DA:10,9
DA:11,9
DA:12,9
DA:17,1
DA:18,9
DA:21,9
DA:22,9
DA:29,0
DA:30,0
DA:37,0
DA:38,0
DA:45,0
DA:46,0
DA:48,0
DA:54,1
LF:18
LH:11
BRDA:8,0,0,5
BRDA:21,1,0,9
BRDA:21,1,1,0
BRDA:24,2,0,9
BRDA:24,2,1,4
BRDA:29,3,0,0
BRDA:29,3,1,0
BRDA:32,4,0,0
BRDA:32,4,1,0
BRDA:37,5,0,0
BRDA:37,5,1,0
BRDA:40,6,0,0
BRDA:40,6,1,0
BRDA:45,7,0,0
BRDA:45,7,1,0
BRDA:46,8,0,0
BRDA:46,8,1,0
BRDA:50,9,0,0
BRDA:50,9,1,0
BRF:19
BRH:4
end_of_record
TN:
SF:backend/src/models/recipeModel.js
FN:7,(anonymous_0)
FN:11,(anonymous_1)
FN:12,(anonymous_2)
FN:19,(anonymous_3)
FN:29,(anonymous_4)
FN:36,(anonymous_5)
FN:82,(anonymous_6)
FN:132,(anonymous_7)
FN:163,(anonymous_8)
FN:180,(anonymous_9)
FN:188,(anonymous_10)
FN:203,(anonymous_11)
FN:211,(anonymous_12)
FN:217,(anonymous_13)
FN:218,(anonymous_14)
FN:238,(anonymous_15)
FN:246,(anonymous_16)
FN:251,(anonymous_17)
FN:252,(anonymous_18)
FN:268,(anonymous_19)
FN:276,(anonymous_20)
FN:290,(anonymous_21)
FN:298,(anonymous_22)
FN:314,(anonymous_23)
FN:339,(anonymous_24)
FN:347,(anonymous_25)
FN:348,(anonymous_26)
FN:361,(anonymous_27)
FN:369,(anonymous_28)
FN:374,(anonymous_29)
FN:426,(anonymous_30)
FN:485,(anonymous_31)
FN:498,(anonymous_32)
FN:508,(anonymous_33)
FN:516,(anonymous_34)
FNF:35
FNH:24
FNDA:118,(anonymous_0)
FNDA:645,(anonymous_1)
FNDA:142,(anonymous_2)
FNDA:0,(anonymous_3)
FNDA:25,(anonymous_4)
FNDA:0,(anonymous_5)
FNDA:25,(anonymous_6)
FNDA:34,(anonymous_7)
FNDA:2,(anonymous_8)
FNDA:4,(anonymous_9)
FNDA:1,(anonymous_10)
FNDA:2,(anonymous_11)
FNDA:0,(anonymous_12)
FNDA:0,(anonymous_13)
FNDA:0,(anonymous_14)
FNDA:0,(anonymous_15)
FNDA:0,(anonymous_16)
FNDA:0,(anonymous_17)
FNDA:0,(anonymous_18)
FNDA:0,(anonymous_19)
FNDA:1,(anonymous_20)
FNDA:1,(anonymous_21)
FNDA:2,(anonymous_22)
FNDA:2,(anonymous_23)
FNDA:2,(anonymous_24)
FNDA:1,(anonymous_25)
FNDA:1,(anonymous_26)
FNDA:2,(anonymous_27)
FNDA:2,(anonymous_28)
FNDA:0,(anonymous_29)
FNDA:2,(anonymous_30)
FNDA:2,(anonymous_31)
FNDA:1,(anonymous_32)
FNDA:3,(anonymous_33)
FNDA:2,(anonymous_34)
DA:1,1
DA:4,1
DA:7,1
DA:8,118
DA:9,118
DA:11,118
DA:12,645
DA:13,645
DA:14,645
DA:19,1
DA:20,0
DA:21,0
DA:23,0
DA:30,25
DA:34,25
DA:36,0
DA:38,0
DA:42,0
DA:43,0
DA:46,0
DA:47,0
DA:51,0
DA:52,0
DA:53,0
DA:64,0
DA:65,0
DA:66,0
DA:67,0
DA:69,0
DA:70,0
DA:71,0
DA:72,0
DA:76,0
DA:79,0
DA:82,25
DA:84,25
DA:88,25
DA:89,25
DA:92,25
DA:93,24
DA:97,24
DA:98,60
DA:99,60
DA:110,25
DA:111,24
DA:112,24
DA:113,24
DA:115,24
DA:116,59
DA:117,59
DA:118,59
DA:122,25
DA:125,25
DA:128,25
DA:133,34
DA:144,34
DA:147,31
DA:155,31
DA:156,31
DA:157,31
DA:159,31
DA:165,2
DA:166,2
DA:168,2
DA:180,2
DA:181,4
DA:182,4
DA:183,4
DA:189,1
DA:190,1
DA:203,1
DA:204,2
DA:205,2
DA:206,2
DA:212,0
DA:213,0
DA:217,0
DA:218,0
DA:220,0
DA:238,0
DA:239,0
DA:240,0
DA:241,0
DA:247,0
DA:248,0
DA:251,0
DA:252,0
DA:254,0
DA:268,0
DA:269,0
DA:270,0
DA:271,0
DA:277,1
DA:278,1
DA:290,1
DA:291,1
DA:292,1
DA:293,1
DA:299,2
DA:300,2
DA:301,2
DA:303,2
DA:313,2
DA:314,1
DA:315,2
DA:322,2
DA:323,1
DA:329,2
DA:332,2
DA:333,0
DA:334,0
DA:338,2
DA:339,1
DA:340,2
DA:341,2
DA:346,2
DA:347,1
DA:348,1
DA:349,1
DA:350,1
DA:353,2
DA:354,2
DA:357,2
DA:359,2
DA:361,2
DA:362,2
DA:363,2
DA:364,2
DA:370,2
DA:372,2
DA:374,0
DA:376,0
DA:381,0
DA:384,0
DA:385,0
DA:387,0
DA:388,0
DA:392,0
DA:393,0
DA:394,0
DA:406,0
DA:407,0
DA:409,0
DA:410,0
DA:411,0
DA:412,0
DA:414,0
DA:415,0
DA:416,0
DA:417,0
DA:423,0
DA:426,2
DA:428,2
DA:433,2
DA:436,2
DA:437,0
DA:439,0
DA:440,0
DA:444,0
DA:445,0
DA:446,0
DA:458,2
DA:459,2
DA:461,2
DA:462,2
DA:463,2
DA:464,2
DA:466,2
DA:467,4
DA:468,4
DA:469,4
DA:475,2
DA:479,2
DA:481,2
DA:486,2
DA:487,2
DA:490,2
DA:491,1
DA:494,2
DA:499,1
DA:509,3
DA:517,2
DA:518,2
DA:522,1
LF:184
LH:115
BRDA:4,0,0,1
BRDA:4,0,1,1
BRDA:8,1,0,0
BRDA:8,1,1,118
BRDA:8,2,0,118
BRDA:8,2,1,118
BRDA:9,3,0,0
BRDA:9,3,1,118
BRDA:20,4,0,0
BRDA:20,4,1,0
BRDA:34,5,0,0
BRDA:34,5,1,25
BRDA:46,6,0,0
BRDA:46,6,1,0
BRDA:46,7,0,0
BRDA:46,7,1,0
BRDA:56,8,0,0
BRDA:56,8,1,0
BRDA:57,9,0,0
BRDA:57,9,1,0
BRDA:64,10,0,0
BRDA:64,10,1,0
BRDA:64,11,0,0
BRDA:64,11,1,0
BRDA:92,12,0,24
BRDA:92,12,1,1
BRDA:92,13,0,25
BRDA:92,13,1,25
BRDA:102,14,0,60
BRDA:102,14,1,0
BRDA:103,15,0,60
BRDA:103,15,1,0
BRDA:110,16,0,24
BRDA:110,16,1,1
BRDA:110,17,0,25
BRDA:110,17,1,25
BRDA:144,18,0,3
BRDA:144,18,1,31
BRDA:156,19,0,30
BRDA:156,19,1,1
BRDA:163,20,0,0
BRDA:163,21,0,0
BRDA:182,22,0,4
BRDA:182,22,1,0
BRDA:205,23,0,2
BRDA:205,23,1,0
BRDA:212,24,0,0
BRDA:212,24,1,0
BRDA:212,25,0,0
BRDA:212,25,1,0
BRDA:240,26,0,0
BRDA:240,26,1,0
BRDA:247,27,0,0
BRDA:247,27,1,0
BRDA:247,28,0,0
BRDA:247,28,1,0
BRDA:270,29,0,0
BRDA:270,29,1,0
BRDA:292,30,0,1
BRDA:292,30,1,0
BRDA:313,31,0,1
BRDA:313,31,1,1
BRDA:313,32,0,2
BRDA:313,32,1,1
BRDA:322,33,0,1
BRDA:322,33,1,1
BRDA:322,34,0,2
BRDA:322,34,1,1
BRDA:332,35,0,0
BRDA:332,35,1,2
BRDA:338,36,0,1
BRDA:338,36,1,1
BRDA:338,37,0,2
BRDA:338,37,1,1
BRDA:346,38,0,1
BRDA:346,38,1,1
BRDA:346,39,0,2
BRDA:346,39,1,1
BRDA:353,40,0,2
BRDA:353,40,1,0
BRDA:363,41,0,2
BRDA:363,41,1,0
BRDA:372,42,0,0
BRDA:372,42,1,2
BRDA:384,43,0,0
BRDA:384,43,1,0
BRDA:387,44,0,0
BRDA:387,44,1,0
BRDA:397,45,0,0
BRDA:397,45,1,0
BRDA:398,46,0,0
BRDA:398,46,1,0
BRDA:406,47,0,0
BRDA:406,47,1,0
BRDA:409,48,0,0
BRDA:409,48,1,0
BRDA:436,49,0,0
BRDA:436,49,1,2
BRDA:439,50,0,0
BRDA:439,50,1,0
BRDA:449,51,0,0
BRDA:449,51,1,0
BRDA:450,52,0,0
BRDA:450,52,1,0
BRDA:458,53,0,2
BRDA:458,53,1,0
BRDA:461,54,0,2
BRDA:461,54,1,0
BRDA:490,55,0,1
BRDA:490,55,1,1
BRF:110
BRH:49
end_of_record
TN:
SF:backend/src/routes/recipeRoutes.js
FNF:0
FNH:0
DA:1,1
DA:2,1
DA:4,1
DA:7,1
DA:8,1
DA:9,1
DA:10,1
DA:11,1
DA:12,1
DA:15,1
DA:17,1
LF:11
LH:11
BRF:0
BRH:0
end_of_record
